#
# A fatal error has been detected by the Java Runtime Environment:
#
#  SIGILL (0x4) at pc=0x00007ff818f59581, pid=57420, tid=259
#
# JRE version: Java(TM) SE Runtime Environment (8.0_74-b02) (build 1.8.0_74-b02)
# Java VM: Java HotSpot(TM) 64-Bit Server VM (25.74-b02 mixed mode bsd-amd64 compressed oops)
# Problematic frame:
# C  [AppKit+0x397581]  -[NSApplication _crashOnException:]+0x121
#
# Failed to write core dump. Core dumps have been disabled. To enable core dumping, try "ulimit -c unlimited" before starting Java again
#
# If you would like to submit a bug report, please visit:
#   http://bugreport.java.com/bugreport/crash.jsp
# The crash happened outside the Java Virtual Machine in native code.
# See problematic frame for where to report the bug.
#

---------------  T H R E A D  ---------------

Current thread (0x00007fc78261e000):  JavaThread "AppKit Thread" daemon [_thread_in_native, id=259, stack(0x00000003059e2000,0x00000003061e2000)]

siginfo: si_signo: 4 (SIGILL), si_code: 1 (ILL_ILLOPC), si_addr: 0x00007ff818f59581

Registers:
RAX=0x00007fc78410b800, RBX=0x00007fc7854214b0, RCX=0xc05f5283c97c0066, RDX=0x0000000000000ef7
RSP=0x00000003061dbac0, RBP=0x00000003061dbaf0, RSI=0x00000003061db660, RDI=0x0000000000000000
R8 =0x0000000000000000, R9 =0x00007fc78410c6f7, R10=0x2020202020202020, R11=0x3030783020202020
R12=0x00007fc7c7009070, R13=0x00007fc766fef130, R14=0x00007ff835117fa5, R15=0x00007ff81518ea00
RIP=0x00007ff818f59581, EFLAGS=0x0000000000000202, ERR=0x0000000000000000
  TRAPNO=0x0000000000000006

Top of Stack: (sp=0x00000003061dbac0)
0x00000003061dbac0:   8542177008420102 0000000000007fc7
0x00000003061dbad0:   3ff0000000000000 00007fc785421640
0x00000003061dbae0:   00007ff81518ea00 00007fc766fef130
0x00000003061dbaf0:   00000003061dbc30 00007ff818d5c585
0x00000003061dbb00:   0000000000000020 00000003061dbb80
0x00000003061dbb10:   00000005061dbb50 00007fc785412c20
0x00000003061dbb20:   00007fc785412c20 00007fc785400000
0x00000003061dbb30:   000000010985fc00 0000000109857080
0x00000003061dbb40:   0000000000000005 0000000000000002
0x00000003061dbb50:   0000000000000005 00007fc785400000
0x00000003061dbb60:   00000003061dbbf0 00007ff81537df1c
0x00000003061dbb70:   00000003061dbbf0 00007ff81537d971
0x00000003061dbb80:   0000000000000030 00007fc785412c30
0x00000003061dbb90:   00000005061dbbd0 00007fc785412bf0
0x00000003061dbba0:   00007fc785412bf0 00007fc785400000
0x00000003061dbbb0:   000000010985fc00 0000000109857080
0x00000003061dbbc0:   0000000500000000 000000010985fc00
0x00000003061dbbd0:   0000000000000005 00007fc785400000
0x00000003061dbbe0:   0000000109857080 0000000000000003
0x00000003061dbbf0:   00000003061dbc70 00007ff81537d971
0x00000003061dbc00:   c05f5283c97c0066 0000000000000002
0x00000003061dbc10:   00007fc7c7009070 00007fc766fef130
0x00000003061dbc20:   00007fc766fef130 00007fc766fef1d0
0x00000003061dbc30:   00000003061dbc60 00007ff819849e59
0x00000003061dbc40:   0000000000000000 00007ff815638bf3
0x00000003061dbc50:   0000000000000002 00007fc766fef1d0
0x00000003061dbc60:   00000003061dbc70 00007ff81563871c
0x00000003061dbc70:   00000003061dbd30 00007ff815638641
0x00000003061dbc80:   00007fc766fef130 0000000000000020
0x00000003061dbc90:   00007ff8589280f0 00007ff8156384ec
0x00000003061dbca0:   0000000000000002 0005000000002d8a
0x00000003061dbcb0:   00007fc7c6f111d0 00000003061dbca0 

Instructions: (pc=0x00007ff818f59581)
0x00007ff818f59561:   48 89 c7 ff 15 ee 2e e7 3e 48 8b 35 97 f4 0a 3f
0x00007ff818f59571:   48 89 c7 ff 15 de 2e e7 3e 48 89 05 5f 0c e0 3d
0x00007ff818f59581:   0f 0b 48 89 c7 e8 d3 c1 c7 00 31 ff 31 f6 31 c0
0x00007ff818f59591:   e8 d0 53 e4 ff e8 f3 c1 c7 00 0f 0b eb 00 48 89 

Register to memory mapping:

RAX=0x00007fc78410b800 is an unknown value
RBX=0x00007fc7854214b0 is an unknown value
RCX=0xc05f5283c97c0066 is an unknown value
RDX=0x0000000000000ef7 is an unknown value
RSP=0x00000003061dbac0 is pointing into the stack for thread: 0x00007fc78261e000
RBP=0x00000003061dbaf0 is pointing into the stack for thread: 0x00007fc78261e000
RSI=0x00000003061db660 is pointing into the stack for thread: 0x00007fc78261e000
RDI=0x0000000000000000 is an unknown value
R8 =0x0000000000000000 is an unknown value
R9 =0x00007fc78410c6f7 is an unknown value
R10=0x2020202020202020 is an unknown value
R11=0x3030783020202020 is an unknown value
R12=0x00007fc7c7009070 is an unknown value
R13=0x00007fc766fef130 is an unknown value
R14=0x00007ff835117fa5 is an unknown value
R15=0x00007ff81518ea00: objc_msgSend+0 in /usr/lib/libobjc.A.dylib at 0x00007ff815188000


Stack: [0x00000003059e2000,0x00000003061e2000],  sp=0x00000003061dbac0,  free space=8166k
Native frames: (J=compiled Java code, j=interpreted, Vv=VM code, C=native code)
C  [AppKit+0x397581]  -[NSApplication _crashOnException:]+0x121
C  [AppKit+0x19a585]  __62+[CATransaction(NSCATransaction) NS_setFlushesWithDisplayLink]_block_invoke+0x355
C  [AppKit+0xc87e59]  ___NSRunLoopObserverCreateWithHandler_block_invoke+0x29
C  [CoreFoundation+0x7b71c]  __CFRUNLOOP_IS_CALLING_OUT_TO_AN_OBSERVER_CALLBACK_FUNCTION__+0x17
C  [CoreFoundation+0x7b641]  __CFRunLoopDoObservers+0x1ed
C  [CoreFoundation+0x7abc3]  __CFRunLoopRun+0x352
C  [CoreFoundation+0x7a2a9]  CFRunLoopRunSpecific+0x22d
C  [HIToolbox+0x2e829]  RunCurrentEventLoopInMode+0x124
C  [HIToolbox+0x2e636]  ReceiveNextEventCommon+0x299
C  [HIToolbox+0x2e381]  _BlockUntilNextEventMatchingListInModeWithFilter+0x42
C  [AppKit+0x3ebe5]  _DPSNextEvent+0x370
C  [AppKit+0x94efe9]  -[NSApplication(NSEventRouting) _nextEventMatchingEventMask:untilDate:inMode:dequeue:]+0x4f9
C  [libosxapp.dylib+0x23aa]  -[NSApplicationAWT nextEventMatchingMask:untilDate:inMode:dequeue:]+0x7c
C  [AppKit+0x30005]  -[NSApplication run]+0x25b
C  [libosxapp.dylib+0x214d]  +[NSApplicationAWT runAWTLoopWithApp:]+0x9c
C  [libawt_lwawt.dylib+0x4455b]  -[AWTStarter starter:]+0x389
C  [Foundation+0x7c935]  __NSThreadPerformPerform+0xb2
C  [CoreFoundation+0x7c226]  __CFRUNLOOP_IS_CALLING_OUT_TO_A_SOURCE0_PERFORM_FUNCTION__+0x11
C  [CoreFoundation+0x7c1c9]  __CFRunLoopDoSource0+0x9d
C  [CoreFoundation+0x7bf98]  __CFRunLoopDoSources0+0xd7
C  [CoreFoundation+0x7ac08]  __CFRunLoopRun+0x397
C  [CoreFoundation+0x7a2a9]  CFRunLoopRunSpecific+0x22d
C  [java+0x6463]  CreateExecutionEnvironment+0x367
C  [java+0x21ac]  JLI_Launch+0x7a0
C  [java+0x84c0]  main+0x65
C  [java+0x1a04]  start+0x34
C  0x000000000000002a


---------------  P R O C E S S  ---------------

Java Threads: ( => current thread )
  0x00007fc78582e000 JavaThread "AWT-Shutdown" [_thread_blocked, id=78339, stack(0x0000000307a4a000,0x0000000307b4a000)]
  0x00007fc7c92f4000 JavaThread "Timer hack thread" daemon [_thread_blocked, id=80147, stack(0x00000003076b0000,0x00000003077b0000)]
  0x00007fc7840ca000 JavaThread "Snooper Timer" daemon [_thread_blocked, id=85551, stack(0x0000000307947000,0x0000000307a47000)]
=>0x00007fc78261e000 JavaThread "AppKit Thread" daemon [_thread_in_native, id=259, stack(0x00000003059e2000,0x00000003061e2000)]
  0x00007fc7c8009800 JavaThread "Service Thread" daemon [_thread_blocked, id=30983, stack(0x00000003074aa000,0x00000003075aa000)]
  0x00007fc7c7050800 JavaThread "C1 CompilerThread3" daemon [_thread_blocked, id=22531, stack(0x00000003073a7000,0x00000003074a7000)]
  0x00007fc7c7050000 JavaThread "C2 CompilerThread2" daemon [_thread_blocked, id=31747, stack(0x00000003072a4000,0x00000003073a4000)]
  0x00007fc7c9047800 JavaThread "C2 CompilerThread1" daemon [_thread_blocked, id=22019, stack(0x00000003071a1000,0x00000003072a1000)]
  0x00007fc7c9049000 JavaThread "C2 CompilerThread0" daemon [_thread_blocked, id=32515, stack(0x000000030709e000,0x000000030719e000)]
  0x00007fc7c9045000 JavaThread "Signal Dispatcher" daemon [_thread_blocked, id=18691, stack(0x0000000306f9b000,0x000000030709b000)]
  0x00007fc7c9044000 JavaThread "Finalizer" daemon [_thread_blocked, id=20999, stack(0x0000000306d87000,0x0000000306e87000)]
  0x00007fc7c7015000 JavaThread "Reference Handler" daemon [_thread_blocked, id=16679, stack(0x0000000306c84000,0x0000000306d84000)]
  0x00007fc7c7011000 JavaThread "Client thread" [_thread_in_vm, id=8707, stack(0x0000000306266000,0x0000000306366000)]

Other Threads:
  0x00007fc7c903f800 VMThread [stack: 0x0000000306b81000,0x0000000306c81000] [id=13571]
  0x00007fc7c9085800 WatcherThread [stack: 0x00000003075ad000,0x00000003076ad000] [id=23303]

VM state:not at safepoint (normal execution)

VM Mutex/Monitor currently owned by a thread:  ([mutex/lock_event])
[0x00007fc7c6f12090] CodeCache_lock - owner thread: 0x0000000000000000
[0x00007fc7c6f13190] AdapterHandlerLibrary_lock - owner thread: 0x00007fc7c7011000

Heap:
 PSYoungGen      total 851968K, used 582013K [0x0000000662b00000, 0x00000006af400000, 0x00000007c0000000)
  eden space 790528K, 73% used [0x0000000662b00000,0x000000068635f608,0x0000000692f00000)
  from space 61440K, 0% used [0x0000000692f00000,0x0000000692f00000,0x0000000696b00000)
  to   space 61952K, 0% used [0x00000006ab780000,0x00000006ab780000,0x00000006af400000)
 ParOldGen       total 229888K, used 92392K [0x00000003a8000000, 0x00000003b6080000, 0x0000000662b00000)
  object space 229888K, 40% used [0x00000003a8000000,0x00000003ada3a040,0x00000003b6080000)
 Metaspace       used 39917K, capacity 40403K, committed 40960K, reserved 1085440K
  class space    used 5316K, capacity 5521K, committed 5632K, reserved 1048576K

Card table byte_map: [0x000000011fdbf000,0x0000000121e80000] byte_map_base: 0x000000011e07f000

Marking Bits: (ParMarkBitMap*) 0x000000010f83eea0
 Begin Bits: [0x0000000123456000, 0x0000000133a56000)
 End Bits:   [0x0000000133a56000, 0x0000000144056000)

Polling page: 0x0000000100ed6000

CodeCache: size=245760Kb used=19570Kb max_used=19570Kb free=226189Kb
 bounds [0x0000000110dbf000, 0x00000001120ff000, 0x000000011fdbf000]
 total_blobs=5210 nmethods=4582 adapters=541
 compilation: enabled

Compilation events (10 events):
Event: 13.824 Thread 0x00007fc7c7050800 5613       3       sun.reflect.UnsafeQualifiedStaticFieldAccessorImpl::<init> (11 bytes)
Event: 13.824 Thread 0x00007fc7c7050800 nmethod 5613 0x00000001120dd050 code [0x00000001120dd1e0, 0x00000001120dd4b8]
Event: 13.824 Thread 0x00007fc7c7050800 5614       3       sun.reflect.UnsafeQualifiedStaticIntegerFieldAccessorImpl::<init> (7 bytes)
Event: 13.825 Thread 0x00007fc7c7050800 nmethod 5614 0x00000001120dca10 code [0x00000001120dcba0, 0x00000001120dcef8]
Event: 13.825 Thread 0x00007fc7c7050800 5615       3       sun.reflect.UnsafeFieldAccessorFactory::newFieldAccessor (676 bytes)
Event: 13.825 Thread 0x00007fc7c9049000 5617       4       java.lang.reflect.Modifier::isPublic (12 bytes)
Event: 13.825 Thread 0x00007fc7c9049000 nmethod 5617 0x0000000110f0cfd0 code [0x0000000110f0d100, 0x0000000110f0d138]
Event: 13.826 Thread 0x00007fc7c7050800 nmethod 5615 0x00000001120e66d0 code [0x00000001120e6ce0, 0x00000001120e9b38]
Event: 13.826 Thread 0x00007fc7c7050800 5616       3       sun.reflect.FieldAccessorImpl::<init> (5 bytes)
Event: 13.826 Thread 0x00007fc7c7050800 nmethod 5616 0x00000001120dc590 code [0x00000001120dc700, 0x00000001120dc910]

GC Heap History (10 events):
Event: 6.686 GC heap before
{Heap before GC invocations=7 (full 1):
 PSYoungGen      total 272896K, used 272868K [0x0000000662b00000, 0x0000000685700000, 0x00000007c0000000)
  eden space 262144K, 100% used [0x0000000662b00000,0x0000000672b00000,0x0000000672b00000)
  from space 10752K, 99% used [0x0000000672b00000,0x00000006735792d8,0x0000000673580000)
  to   space 50176K, 0% used [0x0000000682600000,0x0000000682600000,0x0000000685700000)
 ParOldGen       total 175104K, used 60949K [0x00000003a8000000, 0x00000003b2b00000, 0x0000000662b00000)
  object space 175104K, 34% used [0x00000003a8000000,0x00000003abb85498,0x00000003b2b00000)
 Metaspace       used 23434K, capacity 23810K, committed 24320K, reserved 1071104K
  class space    used 2856K, capacity 2978K, committed 3072K, reserved 1048576K
Event: 6.713 GC heap after
Heap after GC invocations=7 (full 1):
 PSYoungGen      total 499712K, used 24579K [0x0000000662b00000, 0x0000000684a00000, 0x00000007c0000000)
  eden space 462848K, 0% used [0x0000000662b00000,0x0000000662b00000,0x000000067ef00000)
  from space 36864K, 66% used [0x0000000682600000,0x0000000683e00d10,0x0000000684a00000)
  to   space 46592K, 0% used [0x000000067ef00000,0x000000067ef00000,0x0000000681c80000)
 ParOldGen       total 175104K, used 60949K [0x00000003a8000000, 0x00000003b2b00000, 0x0000000662b00000)
  object space 175104K, 34% used [0x00000003a8000000,0x00000003abb85498,0x00000003b2b00000)
 Metaspace       used 23434K, capacity 23810K, committed 24320K, reserved 1071104K
  class space    used 2856K, capacity 2978K, committed 3072K, reserved 1048576K
}
Event: 9.257 GC heap before
{Heap before GC invocations=8 (full 1):
 PSYoungGen      total 499712K, used 487427K [0x0000000662b00000, 0x0000000684a00000, 0x00000007c0000000)
  eden space 462848K, 100% used [0x0000000662b00000,0x000000067ef00000,0x000000067ef00000)
  from space 36864K, 66% used [0x0000000682600000,0x0000000683e00d10,0x0000000684a00000)
  to   space 46592K, 0% used [0x000000067ef00000,0x000000067ef00000,0x0000000681c80000)
 ParOldGen       total 175104K, used 60949K [0x00000003a8000000, 0x00000003b2b00000, 0x0000000662b00000)
  object space 175104K, 34% used [0x00000003a8000000,0x00000003abb85498,0x00000003b2b00000)
 Metaspace       used 26517K, capacity 26846K, committed 27264K, reserved 1073152K
  class space    used 3213K, capacity 3368K, committed 3456K, reserved 1048576K
Event: 9.280 GC heap after
Heap after GC invocations=8 (full 1):
 PSYoungGen      total 509440K, used 46585K [0x0000000662b00000, 0x000000069a300000, 0x00000007c0000000)
  eden space 462848K, 0% used [0x0000000662b00000,0x0000000662b00000,0x000000067ef00000)
  from space 46592K, 99% used [0x000000067ef00000,0x0000000681c7e4d0,0x0000000681c80000)
  to   space 54784K, 0% used [0x0000000696d80000,0x0000000696d80000,0x000000069a300000)
 ParOldGen       total 175104K, used 61915K [0x00000003a8000000, 0x00000003b2b00000, 0x0000000662b00000)
  object space 175104K, 35% used [0x00000003a8000000,0x00000003abc76db0,0x00000003b2b00000)
 Metaspace       used 26517K, capacity 26846K, committed 27264K, reserved 1073152K
  class space    used 3213K, capacity 3368K, committed 3456K, reserved 1048576K
}
Event: 11.051 GC heap before
{Heap before GC invocations=9 (full 1):
 PSYoungGen      total 509440K, used 509433K [0x0000000662b00000, 0x000000069a300000, 0x00000007c0000000)
  eden space 462848K, 100% used [0x0000000662b00000,0x000000067ef00000,0x000000067ef00000)
  from space 46592K, 99% used [0x000000067ef00000,0x0000000681c7e4d0,0x0000000681c80000)
  to   space 54784K, 0% used [0x0000000696d80000,0x0000000696d80000,0x000000069a300000)
 ParOldGen       total 175104K, used 61915K [0x00000003a8000000, 0x00000003b2b00000, 0x0000000662b00000)
  object space 175104K, 35% used [0x00000003a8000000,0x00000003abc76db0,0x00000003b2b00000)
 Metaspace       used 31029K, capacity 31490K, committed 31744K, reserved 1077248K
  class space    used 3925K, capacity 4078K, committed 4096K, reserved 1048576K
Event: 11.079 GC heap after
Heap after GC invocations=9 (full 1):
 PSYoungGen      total 845312K, used 51733K [0x0000000662b00000, 0x000000069a700000, 0x00000007c0000000)
  eden space 790528K, 0% used [0x0000000662b00000,0x0000000662b00000,0x0000000692f00000)
  from space 54784K, 94% used [0x0000000696d80000,0x000000069a005508,0x000000069a300000)
  to   space 61440K, 0% used [0x0000000692f00000,0x0000000692f00000,0x0000000696b00000)
 ParOldGen       total 175104K, used 61923K [0x00000003a8000000, 0x00000003b2b00000, 0x0000000662b00000)
  object space 175104K, 35% used [0x00000003a8000000,0x00000003abc78db0,0x00000003b2b00000)
 Metaspace       used 31029K, capacity 31490K, committed 31744K, reserved 1077248K
  class space    used 3925K, capacity 4078K, committed 4096K, reserved 1048576K
}
Event: 12.118 GC heap before
{Heap before GC invocations=10 (full 1):
 PSYoungGen      total 845312K, used 535960K [0x0000000662b00000, 0x000000069a700000, 0x00000007c0000000)
  eden space 790528K, 61% used [0x0000000662b00000,0x00000006803e0c58,0x0000000692f00000)
  from space 54784K, 94% used [0x0000000696d80000,0x000000069a005508,0x000000069a300000)
  to   space 61440K, 0% used [0x0000000692f00000,0x0000000692f00000,0x0000000696b00000)
 ParOldGen       total 175104K, used 61923K [0x00000003a8000000, 0x00000003b2b00000, 0x0000000662b00000)
  object space 175104K, 35% used [0x00000003a8000000,0x00000003abc78db0,0x00000003b2b00000)
 Metaspace       used 34776K, capacity 35206K, committed 35496K, reserved 1079296K
  class space    used 4731K, capacity 4848K, committed 4864K, reserved 1048576K
Event: 12.146 GC heap after
Heap after GC invocations=10 (full 1):
 PSYoungGen      total 851968K, used 41170K [0x0000000662b00000, 0x00000006af400000, 0x00000007c0000000)
  eden space 790528K, 0% used [0x0000000662b00000,0x0000000662b00000,0x0000000692f00000)
  from space 61440K, 67% used [0x0000000692f00000,0x0000000695734958,0x0000000696b00000)
  to   space 61952K, 0% used [0x00000006ab780000,0x00000006ab780000,0x00000006af400000)
 ParOldGen       total 175104K, used 79467K [0x00000003a8000000, 0x00000003b2b00000, 0x0000000662b00000)
  object space 175104K, 45% used [0x00000003a8000000,0x00000003acd9af48,0x00000003b2b00000)
 Metaspace       used 34776K, capacity 35206K, committed 35496K, reserved 1079296K
  class space    used 4731K, capacity 4848K, committed 4864K, reserved 1048576K
}
Event: 12.146 GC heap before
{Heap before GC invocations=11 (full 2):
 PSYoungGen      total 851968K, used 41170K [0x0000000662b00000, 0x00000006af400000, 0x00000007c0000000)
  eden space 790528K, 0% used [0x0000000662b00000,0x0000000662b00000,0x0000000692f00000)
  from space 61440K, 67% used [0x0000000692f00000,0x0000000695734958,0x0000000696b00000)
  to   space 61952K, 0% used [0x00000006ab780000,0x00000006ab780000,0x00000006af400000)
 ParOldGen       total 175104K, used 79467K [0x00000003a8000000, 0x00000003b2b00000, 0x0000000662b00000)
  object space 175104K, 45% used [0x00000003a8000000,0x00000003acd9af48,0x00000003b2b00000)
 Metaspace       used 34776K, capacity 35206K, committed 35496K, reserved 1079296K
  class space    used 4731K, capacity 4848K, committed 4864K, reserved 1048576K
Event: 12.248 GC heap after
Heap after GC invocations=11 (full 2):
 PSYoungGen      total 851968K, used 0K [0x0000000662b00000, 0x00000006af400000, 0x00000007c0000000)
  eden space 790528K, 0% used [0x0000000662b00000,0x0000000662b00000,0x0000000692f00000)
  from space 61440K, 0% used [0x0000000692f00000,0x0000000692f00000,0x0000000696b00000)
  to   space 61952K, 0% used [0x00000006ab780000,0x00000006ab780000,0x00000006af400000)
 ParOldGen       total 229888K, used 92392K [0x00000003a8000000, 0x00000003b6080000, 0x0000000662b00000)
  object space 229888K, 40% used [0x00000003a8000000,0x00000003ada3a040,0x00000003b6080000)
 Metaspace       used 34776K, capacity 35206K, committed 35496K, reserved 1079296K
  class space    used 4731K, capacity 4848K, committed 4864K, reserved 1048576K
}

Deoptimization events (10 events):
Event: 13.018 Thread 0x00007fc7c7011000 Uncommon trap: reason=unstable_if action=reinterpret pc=0x00000001116e8608 method=com.google.common.base.Splitter$SplittingIterator.computeNext()Ljava/lang/String; @ 193
Event: 13.093 Thread 0x00007fc7c7011000 Uncommon trap: reason=unstable_if action=reinterpret pc=0x0000000111f79a44 method=com.google.common.collect.Hashing.smearedHash(Ljava/lang/Object;)I @ 1
Event: 13.208 Thread 0x00007fc7c7011000 Uncommon trap: reason=unstable_if action=reinterpret pc=0x0000000110f0c8cc method=java.util.HashMap.computeIfAbsent(Ljava/lang/Object;Ljava/util/function/Function;)Ljava/lang/Object; @ 44
Event: 13.237 Thread 0x00007fc7c7011000 Uncommon trap: reason=unstable_if action=reinterpret pc=0x0000000111476510 method=org.objectweb.asm.ClassReader.readMethod(Lorg/objectweb/asm/ClassVisitor;Lorg/objectweb/asm/Context;I)I @ 377
Event: 13.259 Thread 0x00007fc7c7011000 Uncommon trap: reason=null_check action=make_not_entrant pc=0x0000000111ec5308 method=org.spongepowered.asm.util.Locals.getLocalsAt(Lorg/objectweb/asm/tree/ClassNode;Lorg/objectweb/asm/tree/MethodNode;Lorg/objectweb/asm/tree/AbstractInsnNode;Lorg/spongepo
Event: 13.265 Thread 0x00007fc7c7011000 Uncommon trap: reason=unstable_if action=reinterpret pc=0x000000011174f344 method=org.objectweb.asm.Type.equals(Ljava/lang/Object;)Z @ 94
Event: 13.426 Thread 0x00007fc7c92f4000 Uncommon trap: reason=null_check action=make_not_entrant pc=0x000000011135c0a8 method=java.lang.StringCoding.decode(Ljava/lang/String;[BII)[C @ 6
Event: 13.544 Thread 0x00007fc7c7011000 Uncommon trap: reason=unstable_if action=reinterpret pc=0x00000001120805c4 method=org.spongepowered.asm.util.Locals.generateLocalVariableTable(Lorg/objectweb/asm/tree/ClassNode;Lorg/objectweb/asm/tree/MethodNode;)Ljava/util/List; @ 207
Event: 13.694 Thread 0x00007fc7c7011000 Uncommon trap: reason=unstable_if action=reinterpret pc=0x00000001116e239c method=com.google.common.base.AbstractIterator.next()Ljava/lang/Object; @ 4
Event: 13.724 Thread 0x00007fc7c7011000 Uncommon trap: reason=unstable_if action=reinterpret pc=0x00000001117f3034 method=org.objectweb.asm.ByteVector.encodeUTF8(Ljava/lang/String;II)Lorg/objectweb/asm/ByteVector; @ 30

Internal exceptions (10 events):
Event: 13.718 Thread 0x00007fc7c7011000 Implicit null exception at 0x00000001110cf0f4 to 0x00000001110d0126
Event: 13.718 Thread 0x00007fc7c7011000 Exception <a 'java/lang/NullPointerException'> (0x0000000683056f38) thrown at [/Users/java_re/workspace/8-2-build-macosx-x86_64/jdk8u74/6087/hotspot/src/share/vm/runtime/sharedRuntime.cpp, line 605]
Event: 13.718 Thread 0x00007fc7c7011000 Implicit null exception at 0x00000001110cf0f4 to 0x00000001110d0126
Event: 13.718 Thread 0x00007fc7c7011000 Exception <a 'java/lang/NullPointerException'> (0x0000000683062798) thrown at [/Users/java_re/workspace/8-2-build-macosx-x86_64/jdk8u74/6087/hotspot/src/share/vm/runtime/sharedRuntime.cpp, line 605]
Event: 13.718 Thread 0x00007fc7c7011000 Implicit null exception at 0x00000001110cf0f4 to 0x00000001110d0126
Event: 13.718 Thread 0x00007fc7c7011000 Exception <a 'java/lang/NullPointerException'> (0x00000006830693a0) thrown at [/Users/java_re/workspace/8-2-build-macosx-x86_64/jdk8u74/6087/hotspot/src/share/vm/runtime/sharedRuntime.cpp, line 605]
Event: 13.730 Thread 0x00007fc7c7011000 Implicit null exception at 0x00000001110cf0f4 to 0x00000001110d0126
Event: 13.730 Thread 0x00007fc7c7011000 Exception <a 'java/lang/NullPointerException'> (0x0000000683774220) thrown at [/Users/java_re/workspace/8-2-build-macosx-x86_64/jdk8u74/6087/hotspot/src/share/vm/runtime/sharedRuntime.cpp, line 605]
Event: 13.759 Thread 0x00007fc7c7011000 Implicit null exception at 0x00000001110cf0f4 to 0x00000001110d0126
Event: 13.759 Thread 0x00007fc7c7011000 Exception <a 'java/lang/NullPointerException'> (0x0000000684f58f18) thrown at [/Users/java_re/workspace/8-2-build-macosx-x86_64/jdk8u74/6087/hotspot/src/share/vm/runtime/sharedRuntime.cpp, line 605]

Events (10 events):
Event: 13.828 loading class org/lwjgl/opengl/MacOSXContextImplementation
Event: 13.828 loading class org/lwjgl/opengl/MacOSXContextImplementation done
Event: 13.828 loading class org/lwjgl/opengl/GLContext
Event: 13.828 loading class org/lwjgl/opengl/GLContext done
Event: 13.828 loading class org/lwjgl/opengl/GLContext$CapabilitiesCacheEntry
Event: 13.828 loading class org/lwjgl/opengl/GLContext$CapabilitiesCacheEntry done
Event: 13.841 loading class org/lwjgl/opengl/ContextCapabilities
Event: 13.841 loading class org/lwjgl/opengl/ContextCapabilities done
Event: 13.854 loading class org/lwjgl/opengl/APIUtil
Event: 13.854 loading class org/lwjgl/opengl/APIUtil done


Dynamic libraries:
0x0000000015120000 	/System/Library/Frameworks/Cocoa.framework/Versions/A/Cocoa
0x0000000015120000 	/System/Library/Frameworks/AppKit.framework/Versions/C/AppKit
0x0000000015120000 	/System/Library/Frameworks/CoreData.framework/Versions/A/CoreData
0x0000000015120000 	/System/Library/Frameworks/Foundation.framework/Versions/C/Foundation
0x0000000015120000 	/usr/lib/libSystem.B.dylib
0x0000000015120000 	/System/Library/PrivateFrameworks/UIFoundation.framework/Versions/A/UIFoundation
0x0000000015120000 	/System/Library/PrivateFrameworks/CollectionViewCore.framework/Versions/A/CollectionViewCore
0x0000000015120000 	/System/Library/PrivateFrameworks/RemoteViewServices.framework/Versions/A/RemoteViewServices
0x0000000015120000 	/System/Library/PrivateFrameworks/XCTTargetBootstrap.framework/Versions/A/XCTTargetBootstrap
0x0000000015120000 	/System/Library/PrivateFrameworks/InternationalSupport.framework/Versions/A/InternationalSupport
0x0000000015120000 	/System/Library/PrivateFrameworks/UserActivity.framework/Versions/A/UserActivity
0x0000000015120000 	/System/Library/PrivateFrameworks/WindowManagement.framework/Versions/A/WindowManagement
0x0000000015120000 	/System/Library/Frameworks/SystemConfiguration.framework/Versions/A/SystemConfiguration
0x0000000015120000 	/usr/lib/libspindump.dylib
0x0000000015120000 	/System/Library/Frameworks/UniformTypeIdentifiers.framework/Versions/A/UniformTypeIdentifiers
0x0000000015120000 	/usr/lib/libapp_launch_measurement.dylib
0x0000000015120000 	/System/Library/PrivateFrameworks/CoreAnalytics.framework/Versions/A/CoreAnalytics
0x0000000015120000 	/System/Library/PrivateFrameworks/CoreAutoLayout.framework/Versions/A/CoreAutoLayout
0x0000000015120000 	/System/Library/Frameworks/Metal.framework/Versions/A/Metal
0x0000000015120000 	/usr/lib/liblangid.dylib
0x0000000015120000 	/System/Library/PrivateFrameworks/CoreSVG.framework/Versions/A/CoreSVG
0x0000000015120000 	/System/Library/PrivateFrameworks/SkyLight.framework/Versions/A/SkyLight
0x0000000015120000 	/System/Library/Frameworks/CoreGraphics.framework/Versions/A/CoreGraphics
0x0000000015120000 	/System/Library/Frameworks/Accelerate.framework/Versions/A/Accelerate
0x0000000015120000 	/System/Library/PrivateFrameworks/IconServices.framework/Versions/A/IconServices
0x0000000015120000 	/System/Library/Frameworks/IOSurface.framework/Versions/A/IOSurface
0x0000000015120000 	/usr/lib/libDiagnosticMessagesClient.dylib
0x0000000015120000 	/usr/lib/libz.1.dylib
0x0000000015120000 	/System/Library/Frameworks/ApplicationServices.framework/Versions/A/ApplicationServices
0x0000000015120000 	/System/Library/PrivateFrameworks/DFRFoundation.framework/Versions/A/DFRFoundation
0x0000000015120000 	/usr/lib/libicucore.A.dylib
0x0000000015120000 	/System/Library/Frameworks/AudioToolbox.framework/Versions/A/AudioToolbox
0x0000000015120000 	/System/Library/PrivateFrameworks/DataDetectorsCore.framework/Versions/A/DataDetectorsCore
0x0000000015120000 	/System/Library/PrivateFrameworks/TextInput.framework/Versions/A/TextInput
0x0000000015120000 	/usr/lib/libMobileGestalt.dylib
0x0000000015120000 	/System/Library/Frameworks/Carbon.framework/Versions/A/Frameworks/HIToolbox.framework/Versions/A/HIToolbox
0x0000000015120000 	/System/Library/Frameworks/QuartzCore.framework/Versions/A/QuartzCore
0x0000000015120000 	/System/Library/Frameworks/Security.framework/Versions/A/Security
0x0000000015120000 	/System/Library/Frameworks/Carbon.framework/Versions/A/Frameworks/SpeechRecognition.framework/Versions/A/SpeechRecognition
0x0000000015120000 	/System/Library/PrivateFrameworks/CoreUI.framework/Versions/A/CoreUI
0x0000000015120000 	/System/Library/Frameworks/CoreAudio.framework/Versions/A/CoreAudio
0x0000000015120000 	/System/Library/Frameworks/DiskArbitration.framework/Versions/A/DiskArbitration
0x0000000015120000 	/System/Library/PrivateFrameworks/MultitouchSupport.framework/Versions/A/MultitouchSupport
0x0000000015120000 	/usr/lib/libenergytrace.dylib
0x0000000015120000 	/System/Library/PrivateFrameworks/RenderBox.framework/Versions/A/RenderBox
0x0000000015120000 	/System/Library/Frameworks/IOKit.framework/Versions/A/IOKit
0x0000000015120000 	/System/Library/Frameworks/CoreServices.framework/Versions/A/CoreServices
0x0000000015120000 	/System/Library/PrivateFrameworks/PerformanceAnalysis.framework/Versions/A/PerformanceAnalysis
0x0000000015120000 	/System/Library/Frameworks/OpenGL.framework/Versions/A/OpenGL
0x0000000015120000 	/usr/lib/libxml2.2.dylib
0x0000000015120000 	/System/Library/PrivateFrameworks/MobileKeyBag.framework/Versions/A/MobileKeyBag
0x0000000015120000 	/usr/lib/libobjc.A.dylib
0x0000000015120000 	/usr/lib/libc++.1.dylib
0x0000000015120000 	/System/Library/Frameworks/Accessibility.framework/Versions/A/Accessibility
0x0000000015120000 	/System/Library/Frameworks/ColorSync.framework/Versions/A/ColorSync
0x0000000015120000 	/System/Library/Frameworks/CoreFoundation.framework/Versions/A/CoreFoundation
0x0000000015120000 	/System/Library/Frameworks/CoreImage.framework/Versions/A/CoreImage
0x0000000015120000 	/System/Library/Frameworks/CoreText.framework/Versions/A/CoreText
0x0000000015120000 	/System/Library/Frameworks/CoreTransferable.framework/Versions/A/CoreTransferable
0x0000000015120000 	/System/Library/Frameworks/DeveloperToolsSupport.framework/Versions/A/DeveloperToolsSupport
0x0000000015120000 	/System/Library/Frameworks/ImageIO.framework/Versions/A/ImageIO
0x0000000015120000 	/System/Library/Frameworks/Symbols.framework/Versions/A/Symbols
0x0000000015120000 	/System/Library/PrivateFrameworks/SoftLinking.framework/Versions/A/SoftLinking
0x0000000015120000 	/usr/lib/swift/libswiftCore.dylib
0x0000000015120000 	/usr/lib/swift/libswiftCoreFoundation.dylib
0x0000000015120000 	/usr/lib/swift/libswiftCoreGraphics.dylib
0x0000000015120000 	/usr/lib/swift/libswiftCoreImage.dylib
0x0000000015120000 	/usr/lib/swift/libswiftDarwin.dylib
0x0000000015120000 	/usr/lib/swift/libswiftDispatch.dylib
0x0000000015120000 	/usr/lib/swift/libswiftIOKit.dylib
0x0000000015120000 	/usr/lib/swift/libswiftMetal.dylib
0x0000000015120000 	/usr/lib/swift/libswiftOSLog.dylib
0x0000000015120000 	/usr/lib/swift/libswiftObjectiveC.dylib
0x0000000015120000 	/usr/lib/swift/libswiftQuartzCore.dylib
0x0000000015120000 	/usr/lib/swift/libswiftUniformTypeIdentifiers.dylib
0x0000000015120000 	/usr/lib/swift/libswiftXPC.dylib
0x0000000015120000 	/usr/lib/swift/libswift_Concurrency.dylib
0x0000000015120000 	/usr/lib/swift/libswiftos.dylib
0x0000000015120000 	/usr/lib/swift/libswiftsimd.dylib
0x0000000015120000 	/usr/lib/libcompression.dylib
0x0000000015120000 	/System/Library/PrivateFrameworks/TextureIO.framework/Versions/A/TextureIO
0x0000000015120000 	/usr/lib/libate.dylib
0x0000000015120000 	/usr/lib/system/libcache.dylib
0x0000000015120000 	/usr/lib/system/libcommonCrypto.dylib
0x0000000015120000 	/usr/lib/system/libcompiler_rt.dylib
0x0000000015120000 	/usr/lib/system/libcopyfile.dylib
0x0000000015120000 	/usr/lib/system/libcorecrypto.dylib
0x0000000015120000 	/usr/lib/system/libdispatch.dylib
0x0000000015120000 	/usr/lib/system/libdyld.dylib
0x0000000015120000 	/usr/lib/system/libkeymgr.dylib
0x0000000015120000 	/usr/lib/system/libmacho.dylib
0x0000000015120000 	/usr/lib/system/libquarantine.dylib
0x0000000015120000 	/usr/lib/system/libremovefile.dylib
0x0000000015120000 	/usr/lib/system/libsystem_asl.dylib
0x0000000015120000 	/usr/lib/system/libsystem_blocks.dylib
0x0000000015120000 	/usr/lib/system/libsystem_c.dylib
0x0000000015120000 	/usr/lib/system/libsystem_collections.dylib
0x0000000015120000 	/usr/lib/system/libsystem_configuration.dylib
0x0000000015120000 	/usr/lib/system/libsystem_containermanager.dylib
0x0000000015120000 	/usr/lib/system/libsystem_coreservices.dylib
0x0000000015120000 	/usr/lib/system/libsystem_darwin.dylib
0x0000000015120000 	/usr/lib/system/libsystem_darwindirectory.dylib
0x0000000015120000 	/usr/lib/system/libsystem_dnssd.dylib
0x0000000015120000 	/usr/lib/system/libsystem_eligibility.dylib
0x0000000015120000 	/usr/lib/system/libsystem_featureflags.dylib
0x0000000015120000 	/usr/lib/system/libsystem_info.dylib
0x0000000015120000 	/usr/lib/system/libsystem_m.dylib
0x0000000015120000 	/usr/lib/system/libsystem_malloc.dylib
0x0000000015120000 	/usr/lib/system/libsystem_networkextension.dylib
0x0000000015120000 	/usr/lib/system/libsystem_notify.dylib
0x0000000015120000 	/usr/lib/system/libsystem_sandbox.dylib
0x0000000015120000 	/usr/lib/system/libsystem_sanitizers.dylib
0x0000000015120000 	/usr/lib/system/libsystem_secinit.dylib
0x0000000015120000 	/usr/lib/system/libsystem_kernel.dylib
0x0000000015120000 	/usr/lib/system/libsystem_platform.dylib
0x0000000015120000 	/usr/lib/system/libsystem_pthread.dylib
0x0000000015120000 	/usr/lib/system/libsystem_symptoms.dylib
0x0000000015120000 	/usr/lib/system/libsystem_trace.dylib
0x0000000015120000 	/usr/lib/system/libunwind.dylib
0x0000000015120000 	/usr/lib/system/libxpc.dylib
0x0000000015120000 	/usr/lib/libc++abi.dylib
0x0000000015120000 	/usr/lib/liboah.dylib
0x0000000015120000 	/usr/lib/liblzma.5.dylib
0x0000000015120000 	/usr/lib/libfakelink.dylib
0x0000000015120000 	/System/Library/Frameworks/CFNetwork.framework/Versions/A/CFNetwork
0x0000000015120000 	/usr/lib/libarchive.2.dylib
0x0000000015120000 	/System/Library/Frameworks/Combine.framework/Versions/A/Combine
0x0000000015120000 	/System/Library/PrivateFrameworks/CollectionsInternal.framework/Versions/A/CollectionsInternal
0x0000000015120000 	/System/Library/PrivateFrameworks/ReflectionInternal.framework/Versions/A/ReflectionInternal
0x0000000015120000 	/System/Library/PrivateFrameworks/RuntimeInternal.framework/Versions/A/RuntimeInternal
0x0000000015120000 	/usr/lib/swift/libswift_StringProcessing.dylib
0x0000000015120000 	/System/Library/PrivateFrameworks/CoreServicesInternal.framework/Versions/A/CoreServicesInternal
0x0000000015120000 	/usr/lib/libbsm.0.dylib
0x0000000015120000 	/usr/lib/system/libkxld.dylib
0x0000000015120000 	/System/Library/Frameworks/CoreServices.framework/Versions/A/Frameworks/FSEvents.framework/Versions/A/FSEvents
0x0000000015120000 	/System/Library/Frameworks/CoreServices.framework/Versions/A/Frameworks/CarbonCore.framework/Versions/A/CarbonCore
0x0000000015120000 	/System/Library/Frameworks/CoreServices.framework/Versions/A/Frameworks/Metadata.framework/Versions/A/Metadata
0x0000000015120000 	/System/Library/Frameworks/CoreServices.framework/Versions/A/Frameworks/OSServices.framework/Versions/A/OSServices
0x0000000015120000 	/System/Library/Frameworks/CoreServices.framework/Versions/A/Frameworks/SearchKit.framework/Versions/A/SearchKit
0x0000000015120000 	/System/Library/Frameworks/CoreServices.framework/Versions/A/Frameworks/AE.framework/Versions/A/AE
0x0000000015120000 	/System/Library/Frameworks/CoreServices.framework/Versions/A/Frameworks/LaunchServices.framework/Versions/A/LaunchServices
0x0000000015120000 	/System/Library/Frameworks/CoreServices.framework/Versions/A/Frameworks/DictionaryServices.framework/Versions/A/DictionaryServices
0x0000000015120000 	/System/Library/Frameworks/CoreServices.framework/Versions/A/Frameworks/SharedFileList.framework/Versions/A/SharedFileList
0x0000000015120000 	/usr/lib/libapple_nghttp2.dylib
0x0000000015120000 	/usr/lib/libsqlite3.dylib
0x0000000015120000 	/System/Library/Frameworks/Network.framework/Versions/A/Network
0x0000000015120000 	/usr/lib/libCoreEntitlements.dylib
0x0000000015120000 	/System/Library/PrivateFrameworks/MessageSecurity.framework/Versions/A/MessageSecurity
0x0000000015120000 	/System/Library/PrivateFrameworks/ProtocolBuffer.framework/Versions/A/ProtocolBuffer
0x0000000015120000 	/System/Library/PrivateFrameworks/AppleFSCompression.framework/Versions/A/AppleFSCompression
0x0000000015120000 	/usr/lib/libcoretls.dylib
0x0000000015120000 	/usr/lib/libcoretls_cfhelpers.dylib
0x0000000015120000 	/usr/lib/libpam.2.dylib
0x0000000015120000 	/usr/lib/libxar.1.dylib
0x0000000015120000 	/usr/lib/libheimdal-asn1.dylib
0x0000000015120000 	/usr/lib/libnetwork.dylib
0x0000000015120000 	/usr/lib/libpcap.A.dylib
0x0000000015120000 	/usr/lib/libdns_services.dylib
0x0000000015120000 	/System/Library/PrivateFrameworks/AppleSystemInfo.framework/Versions/A/AppleSystemInfo
0x0000000015120000 	/System/Library/PrivateFrameworks/IOMobileFramebuffer.framework/Versions/A/IOMobileFramebuffer
0x0000000015120000 	/usr/lib/swift/libswift_RegexParser.dylib
0x0000000015120000 	/usr/lib/libbz2.1.0.dylib
0x0000000015120000 	/usr/lib/libCheckFix.dylib
0x0000000015120000 	/System/Library/PrivateFrameworks/TCC.framework/Versions/A/TCC
0x0000000015120000 	/System/Library/PrivateFrameworks/CoreNLP.framework/Versions/A/CoreNLP
0x0000000015120000 	/System/Library/PrivateFrameworks/MetadataUtilities.framework/Versions/A/MetadataUtilities
0x0000000015120000 	/usr/lib/libmecab.dylib
0x0000000015120000 	/usr/lib/libCRFSuite.dylib
0x0000000015120000 	/usr/lib/libgermantok.dylib
0x0000000015120000 	/usr/lib/libThaiTokenizer.dylib
0x0000000015120000 	/System/Library/Frameworks/Accelerate.framework/Versions/A/Frameworks/vImage.framework/Versions/A/vImage
0x0000000015120000 	/System/Library/Frameworks/Accelerate.framework/Versions/A/Frameworks/vecLib.framework/Versions/A/vecLib
0x0000000015120000 	/System/Library/Frameworks/Accelerate.framework/Versions/A/Frameworks/vecLib.framework/Versions/A/libvMisc.dylib
0x0000000015120000 	/System/Library/Frameworks/Accelerate.framework/Versions/A/Frameworks/vecLib.framework/Versions/A/libvDSP.dylib
0x0000000015120000 	/System/Library/Frameworks/Accelerate.framework/Versions/A/Frameworks/vecLib.framework/Versions/A/libBLAS.dylib
0x0000000015120000 	/System/Library/Frameworks/Accelerate.framework/Versions/A/Frameworks/vecLib.framework/Versions/A/libLAPACK.dylib
0x0000000015120000 	/System/Library/Frameworks/Accelerate.framework/Versions/A/Frameworks/vecLib.framework/Versions/A/libLinearAlgebra.dylib
0x0000000015120000 	/System/Library/Frameworks/Accelerate.framework/Versions/A/Frameworks/vecLib.framework/Versions/A/libSparseBLAS.dylib
0x0000000015120000 	/System/Library/Frameworks/Accelerate.framework/Versions/A/Frameworks/vecLib.framework/Versions/A/libQuadrature.dylib
0x0000000015120000 	/System/Library/Frameworks/Accelerate.framework/Versions/A/Frameworks/vecLib.framework/Versions/A/libBNNS.dylib
0x0000000015120000 	/System/Library/Frameworks/Accelerate.framework/Versions/A/Frameworks/vecLib.framework/Versions/A/libSparse.dylib
0x0000000015120000 	/System/Library/PrivateFrameworks/MIL.framework/Versions/A/MIL
0x0000000015120000 	/usr/lib/libiconv.2.dylib
0x0000000015120000 	/usr/lib/libcharset.1.dylib
0x0000000015120000 	/System/Library/Frameworks/OpenDirectory.framework/Versions/A/Frameworks/CFOpenDirectory.framework/Versions/A/CFOpenDirectory
0x0000000015120000 	/System/Library/Frameworks/OpenDirectory.framework/Versions/A/OpenDirectory
0x0000000015120000 	/System/Library/PrivateFrameworks/APFS.framework/Versions/A/APFS
0x0000000015120000 	/System/Library/Frameworks/SecurityFoundation.framework/Versions/A/SecurityFoundation
0x0000000015120000 	/usr/lib/libutil.dylib
0x0000000015120000 	/System/Library/PrivateFrameworks/InstalledContentLibrary.framework/Versions/A/InstalledContentLibrary
0x0000000015120000 	/System/Library/PrivateFrameworks/CoreServicesStore.framework/Versions/A/CoreServicesStore
0x0000000015120000 	/System/Library/PrivateFrameworks/AppleMobileFileIntegrity.framework/Versions/A/AppleMobileFileIntegrity
0x0000000015120000 	/usr/lib/libmis.dylib
0x0000000015120000 	/System/Library/PrivateFrameworks/MobileSystemServices.framework/Versions/A/MobileSystemServices
0x0000000015120000 	/System/Library/PrivateFrameworks/ConfigProfileHelper.framework/Versions/A/ConfigProfileHelper
0x0000000015120000 	/System/Library/PrivateFrameworks/AppleSauce.framework/Versions/A/AppleSauce
0x0000000015120000 	/System/Library/PrivateFrameworks/LanguageModeling.framework/Versions/A/LanguageModeling
0x0000000015120000 	/usr/lib/libxslt.1.dylib
0x0000000015120000 	/usr/lib/libcmph.dylib
0x0000000015120000 	/System/Library/PrivateFrameworks/CoreEmoji.framework/Versions/A/CoreEmoji
0x0000000015120000 	/System/Library/PrivateFrameworks/LinguisticData.framework/Versions/A/LinguisticData
0x0000000015120000 	/System/Library/PrivateFrameworks/Lexicon.framework/Versions/A/Lexicon
0x0000000015120000 	/System/Library/PrivateFrameworks/BackgroundTaskManagement.framework/Versions/A/BackgroundTaskManagement
0x0000000015120000 	/usr/lib/libTLE.dylib
0x0000000015120000 	/System/Library/PrivateFrameworks/AppleJPEG.framework/Versions/A/AppleJPEG
0x0000000015120000 	/usr/lib/libexpat.1.dylib
0x0000000015120000 	/System/Library/Frameworks/ImageIO.framework/Versions/A/Resources/libPng.dylib
0x0000000015120000 	/System/Library/Frameworks/ImageIO.framework/Versions/A/Resources/libTIFF.dylib
0x0000000015120000 	/System/Library/Frameworks/ImageIO.framework/Versions/A/Resources/libGIF.dylib
0x0000000015120000 	/System/Library/Frameworks/ImageIO.framework/Versions/A/Resources/libJP2.dylib
0x0000000015120000 	/System/Library/Frameworks/ImageIO.framework/Versions/A/Resources/libJPEG.dylib
0x0000000015120000 	/System/Library/Frameworks/ImageIO.framework/Versions/A/Resources/libRadiance.dylib
0x0000000015120000 	/System/Library/PrivateFrameworks/FontServices.framework/libFontParser.dylib
0x0000000015120000 	/System/Library/PrivateFrameworks/RunningBoardServices.framework/Versions/A/RunningBoardServices
0x0000000015120000 	/System/Library/PrivateFrameworks/IOSurfaceAccelerator.framework/Versions/A/IOSurfaceAccelerator
0x0000000015120000 	/System/Library/PrivateFrameworks/WatchdogClient.framework/Versions/A/WatchdogClient
0x0000000015120000 	/System/Library/Frameworks/CoreDisplay.framework/Versions/A/CoreDisplay
0x0000000015120000 	/System/Library/Frameworks/CoreMedia.framework/Versions/A/CoreMedia
0x0000000015120000 	/System/Library/PrivateFrameworks/IOAccelerator.framework/Versions/A/IOAccelerator
0x0000000015120000 	/System/Library/Frameworks/CoreVideo.framework/Versions/A/CoreVideo
0x0000000015120000 	/System/Library/Frameworks/MetalPerformanceShaders.framework/Versions/A/MetalPerformanceShaders
0x0000000015120000 	/System/Library/Frameworks/VideoToolbox.framework/Versions/A/VideoToolbox
0x0000000015120000 	/System/Library/PrivateFrameworks/UserManagement.framework/Versions/A/UserManagement
0x0000000015120000 	/System/Library/PrivateFrameworks/BaseBoard.framework/Versions/A/BaseBoard
0x0000000015120000 	/System/Library/PrivateFrameworks/AggregateDictionary.framework/Versions/A/AggregateDictionary
0x0000000015120000 	/System/Library/PrivateFrameworks/AppleKeyStore.framework/Versions/A/AppleKeyStore
0x0000000015120000 	/System/Library/PrivateFrameworks/GPUWrangler.framework/Versions/A/GPUWrangler
0x0000000015120000 	/System/Library/PrivateFrameworks/IOPresentment.framework/Versions/A/IOPresentment
0x0000000015120000 	/System/Library/PrivateFrameworks/DSExternalDisplay.framework/Versions/A/DSExternalDisplay
0x0000000015120000 	/System/Library/PrivateFrameworks/GPUCompiler.framework/Versions/32023/Libraries/libllvm-flatbuffers.dylib
0x0000000015120000 	/System/Library/Frameworks/OpenGL.framework/Versions/A/Libraries/libCoreFSCache.dylib
0x0000000015120000 	/System/Library/PrivateFrameworks/GPUCompiler.framework/Versions/32023/Libraries/libGPUCompilerUtils.dylib
0x0000000015120000 	/System/Library/PrivateFrameworks/CMCaptureCore.framework/Versions/A/CMCaptureCore
0x0000000015120000 	/System/Library/Frameworks/ExtensionFoundation.framework/Versions/A/ExtensionFoundation
0x0000000015120000 	/System/Library/PrivateFrameworks/CoreTime.framework/Versions/A/CoreTime
0x0000000015120000 	/System/Library/PrivateFrameworks/AppServerSupport.framework/Versions/A/AppServerSupport
0x0000000015120000 	/System/Library/PrivateFrameworks/perfdata.framework/Versions/A/perfdata
0x0000000015120000 	/System/Library/PrivateFrameworks/AudioToolboxCore.framework/Versions/A/AudioToolboxCore
0x0000000015120000 	/System/Library/PrivateFrameworks/caulk.framework/Versions/A/caulk
0x0000000015120000 	/usr/lib/libAudioStatistics.dylib
0x0000000015120000 	/System/Library/PrivateFrameworks/SystemPolicy.framework/Versions/A/SystemPolicy
0x0000000015120000 	/usr/lib/libSMC.dylib
0x0000000015120000 	/System/Library/Frameworks/CoreMIDI.framework/Versions/A/CoreMIDI
0x0000000015120000 	/usr/lib/libAudioToolboxUtility.dylib
0x0000000015120000 	/System/Library/PrivateFrameworks/OSAServicesClient.framework/Versions/A/OSAServicesClient
0x0000000015120000 	/usr/lib/libperfcheck.dylib
0x0000000015120000 	/System/Library/PrivateFrameworks/BoardServices.framework/Versions/A/BoardServices
0x0000000015120000 	/System/Library/PrivateFrameworks/PlugInKit.framework/Versions/A/PlugInKit
0x0000000015120000 	/System/Library/PrivateFrameworks/AssertionServices.framework/Versions/A/AssertionServices
0x0000000015120000 	/System/Library/PrivateFrameworks/Symbolication.framework/Versions/A/Symbolication
0x0000000015120000 	/System/Library/PrivateFrameworks/PhotosensitivityProcessing.framework/Versions/A/PhotosensitivityProcessing
0x0000000015120000 	/System/Library/Frameworks/OpenCL.framework/Versions/A/OpenCL
0x0000000015120000 	/System/Library/PrivateFrameworks/GraphVisualizer.framework/Versions/A/GraphVisualizer
0x0000000015120000 	/System/Library/Frameworks/OpenGL.framework/Versions/A/Libraries/libGLU.dylib
0x0000000015120000 	/System/Library/Frameworks/OpenGL.framework/Versions/A/Libraries/libGFXShared.dylib
0x0000000015120000 	/System/Library/Frameworks/OpenGL.framework/Versions/A/Libraries/libGL.dylib
0x0000000015120000 	/System/Library/Frameworks/OpenGL.framework/Versions/A/Libraries/libGLImage.dylib
0x0000000015120000 	/System/Library/Frameworks/OpenGL.framework/Versions/A/Libraries/libCVMSPluginSupport.dylib
0x0000000015120000 	/usr/lib/libRosetta.dylib
0x0000000015120000 	/System/Library/Frameworks/OpenGL.framework/Versions/A/Libraries/libCoreVMClient.dylib
0x0000000015120000 	/System/Library/PrivateFrameworks/FontServices.framework/Versions/A/FontServices
0x0000000015120000 	/System/Library/PrivateFrameworks/OTSVG.framework/Versions/A/OTSVG
0x0000000015120000 	/System/Library/Frameworks/ApplicationServices.framework/Versions/A/Frameworks/ATS.framework/Versions/A/Resources/libFontRegistry.dylib
0x0000000015120000 	/System/Library/PrivateFrameworks/FontServices.framework/libhvf.dylib
0x0000000015120000 	/System/Library/PrivateFrameworks/FontServices.framework/libXTFontStaticRegistryData.dylib
0x0000000015120000 	/System/Library/Frameworks/MetalPerformanceShaders.framework/Versions/A/Frameworks/MPSCore.framework/Versions/A/MPSCore
0x0000000015120000 	/System/Library/Frameworks/MetalPerformanceShaders.framework/Versions/A/Frameworks/MPSImage.framework/Versions/A/MPSImage
0x0000000015120000 	/System/Library/Frameworks/MetalPerformanceShaders.framework/Versions/A/Frameworks/MPSNeuralNetwork.framework/Versions/A/MPSNeuralNetwork
0x0000000015120000 	/System/Library/Frameworks/MetalPerformanceShaders.framework/Versions/A/Frameworks/MPSMatrix.framework/Versions/A/MPSMatrix
0x0000000015120000 	/System/Library/Frameworks/MetalPerformanceShaders.framework/Versions/A/Frameworks/MPSRayIntersector.framework/Versions/A/MPSRayIntersector
0x0000000015120000 	/System/Library/Frameworks/MetalPerformanceShaders.framework/Versions/A/Frameworks/MPSNDArray.framework/Versions/A/MPSNDArray
0x0000000015120000 	/System/Library/Frameworks/MetalPerformanceShaders.framework/Versions/A/Frameworks/MPSFunctions.framework/Versions/A/MPSFunctions
0x0000000015120000 	/System/Library/Frameworks/MetalPerformanceShaders.framework/Versions/A/Frameworks/MPSBenchmarkLoop.framework/Versions/A/MPSBenchmarkLoop
0x0000000015120000 	/System/Library/PrivateFrameworks/MetalTools.framework/Versions/A/MetalTools
0x0000000015120000 	/System/Library/PrivateFrameworks/IOAccelMemoryInfo.framework/Versions/A/IOAccelMemoryInfo
0x0000000015120000 	/System/Library/PrivateFrameworks/kperf.framework/Versions/A/kperf
0x0000000015120000 	/System/Library/PrivateFrameworks/GPURawCounter.framework/Versions/A/GPURawCounter
0x0000000015120000 	/System/Library/PrivateFrameworks/CoreSymbolication.framework/Versions/A/CoreSymbolication
0x0000000015120000 	/System/Library/PrivateFrameworks/MallocStackLogging.framework/Versions/A/MallocStackLogging
0x0000000015120000 	/System/Library/PrivateFrameworks/CrashReporterSupport.framework/Versions/A/CrashReporterSupport
0x0000000015120000 	/System/Library/PrivateFrameworks/DebugSymbols.framework/Versions/A/DebugSymbols
0x0000000015120000 	/System/Library/PrivateFrameworks/OSAnalytics.framework/Versions/A/OSAnalytics
0x0000000015120000 	/System/Library/PrivateFrameworks/VideoToolboxParavirtualizationSupport.framework/Versions/A/VideoToolboxParavirtualizationSupport
0x0000000015120000 	/System/Library/PrivateFrameworks/AppleVA.framework/Versions/A/AppleVA
0x0000000015120000 	/System/Library/Frameworks/ApplicationServices.framework/Versions/A/Frameworks/ATS.framework/Versions/A/ATS
0x0000000015120000 	/System/Library/Frameworks/ApplicationServices.framework/Versions/A/Frameworks/HIServices.framework/Versions/A/HIServices
0x0000000015120000 	/System/Library/Frameworks/ApplicationServices.framework/Versions/A/Frameworks/PrintCore.framework/Versions/A/PrintCore
0x0000000015120000 	/System/Library/Frameworks/ApplicationServices.framework/Versions/A/Frameworks/QD.framework/Versions/A/QD
0x0000000015120000 	/System/Library/Frameworks/ApplicationServices.framework/Versions/A/Frameworks/ColorSyncLegacy.framework/Versions/A/ColorSyncLegacy
0x0000000015120000 	/System/Library/Frameworks/ApplicationServices.framework/Versions/A/Frameworks/SpeechSynthesis.framework/Versions/A/SpeechSynthesis
0x0000000015120000 	/System/Library/Frameworks/ApplicationServices.framework/Versions/A/Frameworks/ATSUI.framework/Versions/A/ATSUI
0x0000000015120000 	/usr/lib/libcups.2.dylib
0x0000000015120000 	/System/Library/Frameworks/Kerberos.framework/Versions/A/Kerberos
0x0000000015120000 	/System/Library/Frameworks/GSS.framework/Versions/A/GSS
0x0000000015120000 	/usr/lib/libresolv.9.dylib
0x0000000015120000 	/System/Library/PrivateFrameworks/Heimdal.framework/Versions/A/Heimdal
0x0000000015120000 	/System/Library/Frameworks/Kerberos.framework/Versions/A/Libraries/libHeimdalProxy.dylib
0x0000000015120000 	/System/Library/PrivateFrameworks/CommonAuth.framework/Versions/A/CommonAuth
0x0000000015120000 	/System/Library/Frameworks/AVFAudio.framework/Versions/A/AVFAudio
0x0000000015120000 	/System/Library/PrivateFrameworks/AXCoreUtilities.framework/Versions/A/AXCoreUtilities
0x0000000015120000 	/System/Library/PrivateFrameworks/IsolatedCoreAudioClient.framework/Versions/A/IsolatedCoreAudioClient
0x0000000015120000 	/System/Library/PrivateFrameworks/AudioSession.framework/Versions/A/AudioSession
0x0000000015120000 	/System/Library/Frameworks/IOBluetooth.framework/Versions/A/IOBluetooth
0x0000000015120000 	/System/Library/PrivateFrameworks/MediaExperience.framework/Versions/A/MediaExperience
0x0000000015120000 	/System/Library/PrivateFrameworks/AudioSession.framework/libSessionUtility.dylib
0x0000000015120000 	/System/Library/PrivateFrameworks/AudioResourceArbitration.framework/Versions/A/AudioResourceArbitration
0x0000000015120000 	/System/Library/PrivateFrameworks/PowerLog.framework/Versions/A/PowerLog
0x0000000015120000 	/System/Library/Frameworks/CoreBluetooth.framework/Versions/A/CoreBluetooth
0x0000000015120000 	/System/Library/Frameworks/AudioUnit.framework/Versions/A/AudioUnit
0x0000000015120000 	/System/Library/PrivateFrameworks/CoreUtils.framework/Versions/A/CoreUtils
0x0000000015120000 	/System/Library/PrivateFrameworks/CoreUtilsExtras.framework/Versions/A/CoreUtilsExtras
0x0000000015120000 	/System/Library/PrivateFrameworks/IO80211.framework/Versions/A/IO80211
0x0000000015120000 	/System/Library/PrivateFrameworks/FrontBoardServices.framework/Versions/A/FrontBoardServices
0x0000000015120000 	/System/Library/PrivateFrameworks/BackBoardServices.framework/Versions/A/BackBoardServices
0x0000000015120000 	/System/Library/PrivateFrameworks/IconFoundation.framework/Versions/A/IconFoundation
0x0000000015120000 	/System/Library/PrivateFrameworks/SpeechRecognitionCore.framework/Versions/A/SpeechRecognitionCore
0x0000000015120000 	/usr/lib/libAccessibility.dylib
0x0000000015120000 	/System/Library/Frameworks/MediaAccessibility.framework/Versions/A/MediaAccessibility
0x0000000015120000 	/System/Library/Frameworks/OSLog.framework/Versions/A/OSLog
0x0000000015120000 	/System/Library/PrivateFrameworks/LoggingSupport.framework/Versions/A/LoggingSupport
0x000000010ef5b000 	/Documents/curseforge/minecraft/Install/runtime/jre-legacy/mac-os/jre-legacy/jre.bundle/Contents/Home/lib/server/libjvm.dylib
0x0000000015120000 	/usr/lib/libstdc++.6.dylib
0x0000000109953000 	/Documents/curseforge/minecraft/Install/runtime/jre-legacy/mac-os/jre-legacy/jre.bundle/Contents/Home/lib/libverify.dylib
0x00000001099a7000 	/Documents/curseforge/minecraft/Install/runtime/jre-legacy/mac-os/jre-legacy/jre.bundle/Contents/Home/lib/libjava.dylib
0x000000010997b000 	/Documents/curseforge/minecraft/Install/runtime/jre-legacy/mac-os/jre-legacy/jre.bundle/Contents/Home/lib/libzip.dylib
0x0000000015120000 	/System/Library/Frameworks/JavaRuntimeSupport.framework/Versions/A/JavaRuntimeSupport
0x0000000015120000 	/System/Library/Frameworks/Carbon.framework/Versions/A/Carbon
0x0000000015120000 	/System/Library/Frameworks/Carbon.framework/Versions/A/Frameworks/CommonPanels.framework/Versions/A/CommonPanels
0x0000000015120000 	/System/Library/Frameworks/Carbon.framework/Versions/A/Frameworks/Help.framework/Versions/A/Help
0x0000000015120000 	/System/Library/Frameworks/Carbon.framework/Versions/A/Frameworks/ImageCapture.framework/Versions/A/ImageCapture
0x0000000015120000 	/System/Library/Frameworks/Carbon.framework/Versions/A/Frameworks/OpenScripting.framework/Versions/A/OpenScripting
0x0000000015120000 	/System/Library/Frameworks/Carbon.framework/Versions/A/Frameworks/Ink.framework/Versions/A/Ink
0x0000000015120000 	/System/Library/Frameworks/Carbon.framework/Versions/A/Frameworks/SecurityHI.framework/Versions/A/SecurityHI
0x000000014831e000 	/Documents/curseforge/minecraft/Install/runtime/jre-legacy/mac-os/jre-legacy/jre.bundle/Contents/Home/lib/libmanagement.dylib
0x000000014864e000 	/Documents/curseforge/minecraft/Install/runtime/jre-legacy/mac-os/jre-legacy/jre.bundle/Contents/Home/lib/libnet.dylib
0x0000000015120000 	/usr/lib/libusrtcp.dylib
0x0000000015120000 	/usr/lib/libboringssl.dylib
0x0000000148975000 	/Documents/curseforge/minecraft/Install/runtime/jre-legacy/mac-os/jre-legacy/jre.bundle/Contents/Home/lib/libnio.dylib
0x00000001495c6000 	/Documents/curseforge/minecraft/Install/runtime/jre-legacy/mac-os/jre-legacy/jre.bundle/Contents/Home/lib/libunpack.dylib
0x000000014afd2000 	/Documents/curseforge/minecraft/Install/runtime/jre-legacy/mac-os/jre-legacy/jre.bundle/Contents/Home/lib/libawt.dylib
0x000000014b1f0000 	/Documents/curseforge/minecraft/Install/runtime/jre-legacy/mac-os/jre-legacy/jre.bundle/Contents/Home/lib/libmlib_image.dylib
0x0000000015120000 	/System/Library/Frameworks/JavaNativeFoundation.framework/Versions/A/JavaNativeFoundation
0x000000014b37a000 	/Documents/curseforge/minecraft/Install/runtime/jre-legacy/mac-os/jre-legacy/jre.bundle/Contents/Home/lib/libawt_lwawt.dylib
0x000000014af4b000 	/Documents/curseforge/minecraft/Install/runtime/jre-legacy/mac-os/jre-legacy/jre.bundle/Contents/Home/lib/libosxapp.dylib
0x0000000015120000 	/System/Library/Frameworks/ExceptionHandling.framework/Versions/A/ExceptionHandling
0x0000000015120000 	/System/Library/Frameworks/FileProvider.framework/Versions/A/FileProvider
0x0000000015120000 	/System/Library/Frameworks/Accounts.framework/Versions/A/Accounts
0x0000000015120000 	/System/Library/PrivateFrameworks/GenerationalStorage.framework/Versions/A/GenerationalStorage
0x0000000015120000 	/System/Library/PrivateFrameworks/SymptomDiagnosticReporter.framework/Versions/A/SymptomDiagnosticReporter
0x0000000015120000 	/System/Library/PrivateFrameworks/DesktopServicesPriv.framework/Versions/A/DesktopServicesPriv
0x0000000015120000 	/usr/lib/libsandbox.1.dylib
0x0000000015120000 	/System/Library/PrivateFrameworks/NetAuth.framework/Versions/A/NetAuth
0x0000000015120000 	/System/Library/PrivateFrameworks/Sharing.framework/Versions/A/Sharing
0x0000000015120000 	/System/Library/PrivateFrameworks/login.framework/Versions/A/Frameworks/loginsupport.framework/Versions/A/loginsupport
0x0000000015120000 	/System/Library/PrivateFrameworks/Apple80211.framework/Versions/A/Apple80211
0x0000000015120000 	/System/Library/PrivateFrameworks/AuthKit.framework/Versions/A/AuthKit
0x0000000015120000 	/System/Library/PrivateFrameworks/CoreWiFi.framework/Versions/A/CoreWiFi
0x0000000015120000 	/System/Library/Frameworks/CoreWLAN.framework/Versions/A/CoreWLAN
0x0000000015120000 	/usr/lib/swift/libswiftCoreAudio.dylib
0x0000000015120000 	/usr/lib/swift/libswiftCoreLocation.dylib
0x0000000015120000 	/usr/lib/libIOReport.dylib
0x0000000015120000 	/System/Library/PrivateFrameworks/WiFiPeerToPeer.framework/Versions/A/WiFiPeerToPeer
0x0000000015120000 	/System/Library/Frameworks/UserNotifications.framework/Versions/A/UserNotifications
0x0000000015120000 	/System/Library/PrivateFrameworks/CorePhoneNumbers.framework/Versions/A/CorePhoneNumbers
0x0000000015120000 	/System/Library/PrivateFrameworks/MultiverseSupport.framework/Versions/A/MultiverseSupport
0x0000000015120000 	/System/Library/PrivateFrameworks/RemoteServiceDiscovery.framework/Versions/A/RemoteServiceDiscovery
0x0000000015120000 	/System/Library/PrivateFrameworks/DiskManagement.framework/Versions/A/DiskManagement
0x0000000015120000 	/System/Library/PrivateFrameworks/AppleIDAuthSupport.framework/Versions/A/AppleIDAuthSupport
0x0000000015120000 	/System/Library/PrivateFrameworks/AAAFoundation.framework/Versions/A/AAAFoundation
0x0000000015120000 	/System/Library/PrivateFrameworks/KeychainCircle.framework/Versions/A/KeychainCircle
0x0000000015120000 	/System/Library/PrivateFrameworks/RemoteXPC.framework/Versions/A/RemoteXPC
0x0000000015120000 	/usr/lib/libcsfde.dylib
0x0000000015120000 	/usr/lib/libCoreStorage.dylib
0x0000000015120000 	/System/Library/PrivateFrameworks/MediaKit.framework/Versions/A/MediaKit
0x0000000015120000 	/System/Library/Frameworks/DiscRecording.framework/Versions/A/DiscRecording
0x0000000015120000 	/System/Library/PrivateFrameworks/ProtectedCloudStorage.framework/Versions/A/ProtectedCloudStorage
0x0000000015120000 	/System/Library/PrivateFrameworks/EFILogin.framework/Versions/A/EFILogin
0x0000000015120000 	/System/Library/PrivateFrameworks/OctagonTrust.framework/Versions/A/OctagonTrust
0x0000000015120000 	/System/Library/Frameworks/CoreLocation.framework/Versions/A/CoreLocation
0x0000000015120000 	/System/Library/PrivateFrameworks/GeoServices.framework/Versions/A/GeoServices
0x0000000015120000 	/System/Library/PrivateFrameworks/LocationSupport.framework/Versions/A/LocationSupport
0x0000000015120000 	/System/Library/PrivateFrameworks/GeoServicesCore.framework/Versions/A/GeoServicesCore
0x0000000015120000 	/System/Library/PrivateFrameworks/PhoneNumbers.framework/Versions/A/PhoneNumbers
0x0000000015120000 	/usr/lib/libMatch.1.dylib
0x0000000015120000 	/System/Library/CoreServices/RawCamera.bundle/Contents/MacOS/RawCamera
0x0000000015120000 	/System/Library/PrivateFrameworks/MobileAsset.framework/Versions/A/MobileAsset
0x0000000015120000 	/System/Library/PrivateFrameworks/AppleJPEGXL.framework/Versions/A/AppleJPEGXL
0x0000000015120000 	/System/Library/PrivateFrameworks/SoftwareUpdateCoreSupport.framework/Versions/A/SoftwareUpdateCoreSupport
0x0000000015120000 	/System/Library/PrivateFrameworks/SoftwareUpdateCoreConnect.framework/Versions/A/SoftwareUpdateCoreConnect
0x0000000015120000 	/System/Library/PrivateFrameworks/StreamingZip.framework/Versions/A/StreamingZip
0x0000000015120000 	/System/Library/PrivateFrameworks/MSUDataAccessor.framework/Versions/A/MSUDataAccessor
0x0000000015120000 	/usr/lib/libbootpolicy.dylib
0x0000000015120000 	/usr/lib/libpartition2_dynamic.dylib
0x0000000015120000 	/System/Library/PrivateFrameworks/CMPhoto.framework/Versions/A/CMPhoto
0x0000000015120000 	/System/Library/PrivateFrameworks/AppleVPA.framework/Versions/A/AppleVPA
0x0000000015120000 	/System/Library/Frameworks/MediaToolbox.framework/Versions/A/MediaToolbox
0x0000000015120000 	/System/Library/PrivateFrameworks/CoreAVCHD.framework/Versions/A/CoreAVCHD
0x0000000015120000 	/System/Library/PrivateFrameworks/Mangrove.framework/Versions/A/Mangrove
0x0000000015120000 	/System/Library/Frameworks/CoreTelephony.framework/Versions/A/CoreTelephony
0x0000000015120000 	/System/Library/PrivateFrameworks/CoreAUC.framework/Versions/A/CoreAUC
0x0000000015120000 	/usr/lib/libTelephonyUtilDynamic.dylib
0x0000000015120000 	/System/Library/Frameworks/Accelerate.framework/Versions/A/Frameworks/vImage.framework/Versions/A/Libraries/libCGInterfaces.dylib
0x00000001496af000 	/usr/lib/libobjc-trampolines.dylib
0x0000000015120000 	/usr/lib/libAccessibilityBaseImplementations.dylib
0x0000000015120000 	/System/Library/PrivateFrameworks/login.framework/Versions/A/login
0x0000000015120000 	/System/Library/Frameworks/LocalAuthentication.framework/Versions/A/LocalAuthentication
0x0000000015120000 	/System/Library/PrivateFrameworks/LocalAuthenticationCore.framework/Versions/A/LocalAuthenticationCore
0x0000000015120000 	/System/Library/Frameworks/LocalAuthentication.framework/Support/SharedUtils.framework/Versions/A/SharedUtils
0x0000000015120000 	/System/Library/Frameworks/CryptoTokenKit.framework/Versions/A/CryptoTokenKit
0x0000000015120000 	/System/Library/PrivateFrameworks/FamilyControls.framework/Versions/A/FamilyControls
0x0000000015120000 	/System/Library/PrivateFrameworks/CommerceKit.framework/Versions/A/Frameworks/CommerceCore.framework/Versions/A/CommerceCore
0x0000000015120000 	/System/Library/PrivateFrameworks/SystemAdministration.framework/Versions/A/SystemAdministration
0x0000000015120000 	/System/Library/PrivateFrameworks/AppContainer.framework/Versions/A/AppContainer
0x0000000015120000 	/System/Library/PrivateFrameworks/SecCodeWrapper.framework/Versions/A/SecCodeWrapper
0x0000000015120000 	/System/Library/Frameworks/DirectoryService.framework/Versions/A/DirectoryService
0x0000000015120000 	/System/Library/PrivateFrameworks/DiskImages.framework/Versions/A/DiskImages
0x0000000015120000 	/System/Library/Frameworks/ServiceManagement.framework/Versions/A/ServiceManagement
0x0000000015120000 	/System/Library/PrivateFrameworks/LoginUIKit.framework/Versions/A/Frameworks/LoginUICore.framework/Versions/A/LoginUICore
0x0000000015120000 	/usr/lib/libodfde.dylib
0x0000000015120000 	/usr/lib/libcurl.4.dylib
0x0000000015120000 	/usr/lib/libcrypto.46.dylib
0x0000000015120000 	/usr/lib/libssl.48.dylib
0x0000000015120000 	/System/Library/Frameworks/LDAP.framework/Versions/A/LDAP
0x0000000015120000 	/System/Library/PrivateFrameworks/TrustEvaluationAgent.framework/Versions/A/TrustEvaluationAgent
0x0000000015120000 	/usr/lib/libsasl2.2.dylib
0x0000000015120000 	/System/Library/PrivateFrameworks/ViewBridge.framework/Versions/A/ViewBridge
0x0000000015120000 	/System/Library/PrivateFrameworks/AccessibilityBundles.framework/Versions/A/AccessibilityBundles
0x000000014e4a4000 	/Documents/curseforge/minecraft/Install/runtime/jre-legacy/mac-os/jre-legacy/jre.bundle/Contents/Home/lib/libfontmanager.dylib
0x000000014e62b000 	/Documents/curseforge/minecraft/Install/bin/976fca142553838d4a0959c2e957b86b6844a238/liblwjgl.dylib
0x00000001483ea000 	/Documents/curseforge/minecraft/Install/runtime/jre-legacy/mac-os/jre-legacy/jre.bundle/Contents/Home/lib/libjawt.dylib
0x000000014e43d000 	/System/Library/Accessibility/BundlesBase/com.apple.AppKit.axbundle/Versions/A/com.apple.AppKit
0x0000000015120000 	/System/Library/PrivateFrameworks/AccessibilityUtilities.framework/Versions/A/AccessibilityUtilities
0x0000000015120000 	/System/Library/PrivateFrameworks/ScreenReader.framework/Versions/A/Frameworks/ScreenReaderOutput.framework/Versions/A/ScreenReaderOutput
0x0000000015120000 	/System/Library/PrivateFrameworks/BluetoothManager.framework/Versions/A/BluetoothManager
0x0000000015120000 	/System/Library/PrivateFrameworks/MobileBluetooth.framework/Versions/A/MobileBluetooth
0x0000000015120000 	/System/Library/PrivateFrameworks/AccessibilitySharedSupport.framework/Versions/A/AccessibilitySharedSupport
0x0000000015120000 	/System/Library/PrivateFrameworks/ScreenReaderCore.framework/Versions/A/ScreenReaderCore
0x0000000015120000 	/System/Library/PrivateFrameworks/AXRuntime.framework/Versions/A/AXRuntime
0x0000000015120000 	/System/Library/PrivateFrameworks/SiriTTSService.framework/Versions/A/SiriTTSService
0x0000000015120000 	/System/Library/PrivateFrameworks/TextToSpeech.framework/Versions/A/TextToSpeech
0x0000000015120000 	/System/Library/PrivateFrameworks/AssistantServices.framework/Versions/A/AssistantServices
0x0000000015120000 	/System/Library/Frameworks/AVFoundation.framework/Versions/A/AVFoundation
0x0000000015120000 	/usr/lib/libAXSafeCategoryBundle.dylib
0x0000000015120000 	/System/Library/PrivateFrameworks/GraphicsServices.framework/Versions/A/GraphicsServices
0x0000000015120000 	/System/Library/PrivateFrameworks/AttributeGraph.framework/Versions/A/AttributeGraph
0x0000000015120000 	/usr/lib/swift/libswiftAVFoundation.dylib
0x0000000015120000 	/usr/lib/swift/libswiftAccelerate.dylib
0x0000000015120000 	/usr/lib/swift/libswiftCoreMIDI.dylib
0x0000000015120000 	/usr/lib/swift/libswiftCoreMedia.dylib
0x0000000015120000 	/usr/lib/swift/libswiftNaturalLanguage.dylib
0x0000000015120000 	/System/Library/PrivateFrameworks/ScreenReader.framework/Versions/A/Frameworks/BrailleTranslation.framework/Versions/A/BrailleTranslation
0x0000000015120000 	/usr/lib/libmecabra.dylib
0x0000000015120000 	/usr/lib/libChineseTokenizer.dylib
0x0000000015120000 	/System/Library/PrivateFrameworks/HID.framework/Versions/A/HID
0x0000000015120000 	/System/Library/PrivateFrameworks/ApplePushService.framework/Versions/A/ApplePushService
0x0000000015120000 	/System/Library/Frameworks/CloudKit.framework/Versions/A/CloudKit
0x0000000015120000 	/System/Library/PrivateFrameworks/IDS.framework/Versions/A/IDS
0x0000000015120000 	/System/Library/PrivateFrameworks/CommonUtilities.framework/Versions/A/CommonUtilities
0x0000000015120000 	/System/Library/PrivateFrameworks/Bom.framework/Versions/A/Bom
0x0000000015120000 	/usr/lib/libParallelCompression.dylib
0x0000000015120000 	/usr/lib/libAppleArchive.dylib
0x0000000015120000 	/System/Library/Frameworks/SharedWithYouCore.framework/Versions/A/SharedWithYouCore
0x0000000015120000 	/usr/lib/libBASupport.dylib
0x0000000015120000 	/System/Library/PrivateFrameworks/AppleAccount.framework/Versions/A/AppleAccount
0x0000000015120000 	/System/Library/PrivateFrameworks/C2.framework/Versions/A/C2
0x0000000015120000 	/System/Library/Frameworks/PushKit.framework/Versions/A/PushKit
0x0000000015120000 	/System/Library/Frameworks/CryptoKit.framework/Versions/A/CryptoKit
0x0000000015120000 	/System/Library/PrivateFrameworks/FeatureFlags.framework/Versions/A/FeatureFlags
0x0000000015120000 	/System/Library/PrivateFrameworks/AppSupport.framework/Versions/A/AppSupport
0x0000000015120000 	/System/Library/PrivateFrameworks/AppleIDSSOAuthentication.framework/Versions/A/AppleIDSSOAuthentication
0x0000000015120000 	/System/Library/PrivateFrameworks/IMFoundation.framework/Versions/A/IMFoundation
0x0000000015120000 	/System/Library/PrivateFrameworks/Marco.framework/Versions/A/Marco
0x0000000015120000 	/System/Library/PrivateFrameworks/IDSFoundation.framework/Versions/A/IDSFoundation
0x0000000015120000 	/System/Library/PrivateFrameworks/FTServices.framework/Versions/A/FTServices
0x0000000015120000 	/System/Library/PrivateFrameworks/Engram.framework/Versions/A/Engram
0x0000000015120000 	/usr/lib/libtidy.A.dylib
0x0000000015120000 	/System/Library/PrivateFrameworks/FTAWD.framework/Versions/A/FTAWD
0x0000000015120000 	/System/Library/PrivateFrameworks/AVFCore.framework/Versions/A/AVFCore
0x0000000015120000 	/System/Library/PrivateFrameworks/AVFCapture.framework/Versions/A/AVFCapture
0x0000000015120000 	/System/Library/PrivateFrameworks/CMImaging.framework/Versions/A/CMImaging
0x0000000015120000 	/System/Library/PrivateFrameworks/Quagga.framework/Versions/A/Quagga
0x0000000015120000 	/System/Library/PrivateFrameworks/CMCapture.framework/Versions/A/CMCapture
0x0000000015120000 	/System/Library/Frameworks/CoreMediaIO.framework/Versions/A/CoreMediaIO
0x0000000015120000 	/System/Library/PrivateFrameworks/Espresso.framework/Versions/A/Espresso
0x0000000015120000 	/System/Library/PrivateFrameworks/ANECompiler.framework/Versions/A/ANECompiler
0x0000000015120000 	/System/Library/PrivateFrameworks/AppleNeuralEngine.framework/Versions/A/AppleNeuralEngine
0x0000000015120000 	/System/Library/Frameworks/MetalPerformanceShadersGraph.framework/Versions/A/MetalPerformanceShadersGraph
0x0000000015120000 	/System/Library/PrivateFrameworks/MLCompilerServices.framework/Versions/A/MLCompilerServices
0x0000000015120000 	/System/Library/PrivateFrameworks/ANEServices.framework/Versions/A/ANEServices
0x0000000015120000 	/usr/lib/libncurses.5.4.dylib
0x0000000015120000 	/System/Library/PrivateFrameworks/MLCompilerRuntime.framework/Versions/A/MLCompilerRuntime
0x0000000015120000 	/System/Library/PrivateFrameworks/RTCReporting.framework/Versions/A/RTCReporting
0x0000000015120000 	/System/Library/PrivateFrameworks/CryptoKitCBridging.framework/Versions/A/CryptoKitCBridging
0x0000000015120000 	/usr/lib/swift/libswiftCryptoTokenKit.dylib
0x0000000015120000 	/usr/lib/libFDR.dylib
0x0000000015120000 	/usr/lib/libamsupport.dylib
0x0000000015120000 	/System/Library/PrivateFrameworks/ZhuGeSupport.framework/Versions/A/ZhuGeSupport
0x0000000015120000 	/usr/lib/libtailspin.dylib
0x0000000015120000 	/System/Library/PrivateFrameworks/Osprey.framework/Versions/A/Osprey
0x0000000015120000 	/System/Library/PrivateFrameworks/SiriTTS.framework/Versions/A/SiriTTS
0x0000000015120000 	/System/Library/Frameworks/NaturalLanguage.framework/Versions/A/NaturalLanguage
0x0000000015120000 	/System/Library/PrivateFrameworks/BiomePubSub.framework/Versions/A/BiomePubSub
0x0000000015120000 	/System/Library/PrivateFrameworks/SAObjects.framework/Versions/A/SAObjects
0x0000000015120000 	/System/Library/PrivateFrameworks/SiriAnalytics.framework/Versions/A/SiriAnalytics
0x0000000015120000 	/System/Library/PrivateFrameworks/SiriInstrumentation.framework/Versions/A/SiriInstrumentation
0x0000000015120000 	/System/Library/PrivateFrameworks/SiriPowerInstrumentation.framework/Versions/A/SiriPowerInstrumentation
0x0000000015120000 	/System/Library/PrivateFrameworks/Trial.framework/Versions/A/Trial
0x0000000015120000 	/System/Library/PrivateFrameworks/TrialProto.framework/Versions/A/TrialProto
0x0000000015120000 	/System/Library/PrivateFrameworks/TailspinSymbolication.framework/Versions/A/TailspinSymbolication
0x0000000015120000 	/System/Library/PrivateFrameworks/Darwinup.framework/Versions/A/Darwinup
0x0000000015120000 	/System/Library/PrivateFrameworks/SignpostSupport.framework/Versions/A/SignpostSupport
0x0000000015120000 	/System/Library/PrivateFrameworks/FeatureFlagsSupport.framework/Versions/A/FeatureFlagsSupport
0x0000000015120000 	/System/Library/PrivateFrameworks/ktrace.framework/Versions/A/ktrace
0x0000000015120000 	/System/Library/PrivateFrameworks/SampleAnalysis.framework/Versions/A/SampleAnalysis
0x0000000015120000 	/System/Library/PrivateFrameworks/kperfdata.framework/Versions/A/kperfdata
0x0000000015120000 	/usr/lib/libdscsym.dylib
0x0000000015120000 	/usr/lib/swift/libswiftSystem.dylib
0x0000000015120000 	/System/Library/PrivateFrameworks/BulkSymbolication.framework/Versions/A/BulkSymbolication
0x0000000015120000 	/System/Library/Frameworks/CoreML.framework/Versions/A/CoreML
0x0000000015120000 	/usr/lib/libedit.3.dylib
0x0000000015120000 	/System/Library/Frameworks/MLCompute.framework/Versions/A/MLCompute
0x0000000015120000 	/System/Library/PrivateFrameworks/MLAssetIO.framework/Versions/A/MLAssetIO
0x0000000015120000 	/System/Library/PrivateFrameworks/Montreal.framework/Versions/A/Montreal
0x0000000015120000 	/System/Library/PrivateFrameworks/ProactiveSupport.framework/Versions/A/ProactiveSupport
0x0000000015120000 	/System/Library/PrivateFrameworks/BiomeStorage.framework/Versions/A/BiomeStorage
0x0000000015120000 	/System/Library/PrivateFrameworks/BiomeFoundation.framework/Versions/A/BiomeFoundation
0x0000000015120000 	/System/Library/PrivateFrameworks/InternationalTextSearch.framework/Versions/A/InternationalTextSearch
0x0000000015120000 	/System/Library/PrivateFrameworks/FeedbackLogger.framework/Versions/A/FeedbackLogger
0x0000000015120000 	/System/Library/PrivateFrameworks/BiomeStreams.framework/Versions/A/BiomeStreams
0x0000000015120000 	/System/Library/PrivateFrameworks/AtomicsInternal.framework/Versions/A/AtomicsInternal
0x0000000015120000 	/System/Library/PrivateFrameworks/BiomeLibrary.framework/Versions/A/BiomeLibrary
0x0000000015120000 	/System/Library/PrivateFrameworks/InternalSwiftProtobuf.framework/Versions/A/InternalSwiftProtobuf
0x0000000015120000 	/System/Library/PrivateFrameworks/PoirotSchematizer.framework/Versions/A/PoirotSchematizer
0x0000000015120000 	/System/Library/PrivateFrameworks/BiomeSync.framework/Versions/A/BiomeSync
0x0000000015120000 	/System/Library/PrivateFrameworks/BiomeFlexibleStorage.framework/Versions/A/BiomeFlexibleStorage
0x0000000015120000 	/System/Library/PrivateFrameworks/BiomeDSL.framework/Versions/A/BiomeDSL
0x0000000015120000 	/System/Library/PrivateFrameworks/BiomeSequence.framework/Versions/A/BiomeSequence
0x0000000015120000 	/System/Library/PrivateFrameworks/PoirotSQLite.framework/Versions/A/PoirotSQLite
0x0000000015120000 	/System/Library/PrivateFrameworks/AppleFlatBuffers.framework/Versions/A/AppleFlatBuffers
0x0000000015120000 	/System/Library/PrivateFrameworks/ProactiveEventTracker.framework/Versions/A/ProactiveEventTracker
0x0000000015120000 	/System/Library/PrivateFrameworks/AXAssetLoader.framework/Versions/A/AXAssetLoader
0x0000000015120000 	/System/Library/PrivateFrameworks/MediaRemote.framework/Versions/A/MediaRemote
0x0000000015120000 	/System/Library/PrivateFrameworks/SiriCrossDeviceArbitration.framework/Versions/A/SiriCrossDeviceArbitration
0x0000000015120000 	/System/Library/PrivateFrameworks/SiriCrossDeviceArbitrationFeedback.framework/Versions/A/SiriCrossDeviceArbitrationFeedback
0x0000000015120000 	/System/Library/PrivateFrameworks/Rapport.framework/Versions/A/Rapport
0x0000000015120000 	/System/Library/PrivateFrameworks/MediaServices.framework/Versions/A/MediaServices
0x0000000015120000 	/System/Library/PrivateFrameworks/PersistentConnection.framework/Versions/A/PersistentConnection
0x0000000015120000 	/System/Library/Frameworks/OpenGL.framework/Versions/A/Resources/GLEngine.bundle/GLEngine
0x0000000015120000 	/System/Library/Frameworks/OpenGL.framework/Versions/A/Libraries/libGLProgrammability.dylib
0x000000014f242000 	/System/Library/Extensions/AppleMetalOpenGLRenderer.bundle/Contents/MacOS/AppleMetalOpenGLRenderer
0x0000000015120000 	/System/Library/Frameworks/OpenGL.framework/Versions/A/Resources/GLRendererFloat.bundle/GLRendererFloat
0x0000000015120000 	/System/Library/Extensions/AGXMetal13_3.bundle/Contents/MacOS/AGXMetal13_3
0x0000000015120000 	/System/Library/PrivateFrameworks/IOGPU.framework/Versions/A/IOGPU

VM Arguments:
jvm_args: -Djava.library.path=/Documents/curseforge/minecraft/Install/bin/976fca142553838d4a0959c2e957b86b6844a238 -Dminecraft.launcher.brand=minecraft-launcher -Dminecraft.launcher.version=2.28.11 -Dminecraft.client.jar=/Documents/curseforge/minecraft/Install/versions/1.12.2/1.12.2.jar -Xmx16768m -Xms256m -Dfml.ignorePatchDiscrepancies=true -Dfml.ignoreInvalidMinecraftCertificates=true -Duser.language=en -Duser.country=US -DlibraryDirectory=/Documents/curseforge/minecraft/Install/libraries -Dlog4j.configurationFile=/Documents/curseforge/minecraft/Install/assets/log_configs/client-1.12.xml 
java_command: net.minecraft.launchwrapper.Launch --username Metro_7777 --version forge-14.23.5.2859 --gameDir /Documents/curseforge/minecraft/Instances/Deserted --assetsDir /Documents/curseforge/minecraft/Install/assets --assetIndex 1.12 --uuid 145169ee76e446f9b84627743500ea8a -AcgTAwSJ9KaPos9dMB5Xqw --userType msa --tweakClass net.minecraftforge.fml.common.launcher.FMLTweaker --versionType Forge --width 1280 --height 720
java_class_path (initial): /Documents/curseforge/minecraft/Install/libraries/net/minecraftforge/forge/1.12.2-14.23.5.2859/forge-1.12.2-14.23.5.2859.jar:/Documents/curseforge/minecraft/Install/libraries/org/ow2/asm/asm-debug-all/5.2/asm-debug-all-5.2.jar:/Documents/curseforge/minecraft/Install/libraries/net/minecraft/launchwrapper/1.12/launchwrapper-1.12.jar:/Documents/curseforge/minecraft/Install/libraries/org/jline/jline/3.5.1/jline-3.5.1.jar:/Documents/curseforge/minecraft/Install/libraries/com/typesafe/akka/akka-actor_2.11/2.3.3/akka-actor_2.11-2.3.3.jar:/Documents/curseforge/minecraft/Install/libraries/com/typesafe/config/1.2.1/config-1.2.1.jar:/Documents/curseforge/minecraft/Install/libraries/org/scala-lang/scala-actors-migration_2.11/1.1.0/scala-actors-migration_2.11-1.1.0.jar:/Documents/curseforge/minecraft/Install/libraries/org/scala-lang/scala-compiler/2.11.1/scala-compiler-2.11.1.jar:/Documents/curseforge/minecraft/Install/libraries/org/scala-lang/plugins/scala-continuations-library_2.11/1.0.2_mc/scala-continuations-library_2.11-1.0.2_mc.jar:/Documents/curseforge/minecraft/Install/libraries/org/scala-lang/plugins/scala-continuations-plugin_2.11.1/1.0.2_mc/scala-continuations-plugin_2.11.1-1.0.2_mc.jar:/Documents/curseforge/minecraft/Install/libraries/org/scala-lang/scala-library/2.11.1/scala-library-2.11.1.jar:/Documents/curseforge/minecraft/Install/libraries/org/scala-lang/scala-parser-combinators_2.11/1.0.1/scala-parser-combinators_2.11-1.0.1.jar:/Documents/curseforge/minecraft/Install/libraries/org/scala-lang/scala-reflect/2.11.1/scala-reflect-2.11.1.jar:/Documents/curseforge/minecraft/Install/libraries/org/scala-lang/scala-swing_2.11/1.0.1/scala-swing_2.11-1.0.1.jar:/Documents/curseforge/minecraft/Install/libraries/org/scala-lang/scala-xml_2.11/1.0.2/scala-xm
Launcher Type: SUN_STANDARD

Environment Variables:
PATH=/usr/bin:/bin:/usr/sbin:/sbin
SHELL=/bin/zsh

Signal Handlers:
SIGSEGV: [libjvm.dylib+0x5a6855], sa_mask[0]=11111111111111111111111111111111, sa_flags=SA_ONSTACK|SA_RESTART|SA_SIGINFO
SIGBUS: [libjvm.dylib+0x5a6855], sa_mask[0]=11111111111111111111111111111111, sa_flags=SA_RESTART|SA_SIGINFO
SIGFPE: [libjvm.dylib+0x4804ec], sa_mask[0]=11111111111111111111111111111111, sa_flags=SA_RESTART|SA_SIGINFO
SIGPIPE: [libjvm.dylib+0x4804ec], sa_mask[0]=11111111111111111111111111111111, sa_flags=SA_RESTART|SA_SIGINFO
SIGXFSZ: [libjvm.dylib+0x4804ec], sa_mask[0]=11111111111111111111111111111111, sa_flags=SA_RESTART|SA_SIGINFO
SIGILL: [libjvm.dylib+0x4804ec], sa_mask[0]=11111111111111111111111111111111, sa_flags=SA_RESTART|SA_SIGINFO
SIGUSR1: SIG_DFL, sa_mask[0]=00000000000000000000000000000000, sa_flags=none
SIGUSR2: [libjvm.dylib+0x48000a], sa_mask[0]=00000000000000000000000000000000, sa_flags=SA_RESTART|SA_SIGINFO
SIGHUP: [libjvm.dylib+0x47e5e1], sa_mask[0]=11111111111111111111111111111111, sa_flags=SA_RESTART|SA_SIGINFO
SIGINT: [libjvm.dylib+0x47e5e1], sa_mask[0]=11111111111111111111111111111111, sa_flags=SA_RESTART|SA_SIGINFO
SIGTERM: [libjvm.dylib+0x47e5e1], sa_mask[0]=11111111111111111111111111111111, sa_flags=SA_RESTART|SA_SIGINFO
SIGQUIT: [libjvm.dylib+0x47e5e1], sa_mask[0]=11111111111111111111111111111111, sa_flags=SA_RESTART|SA_SIGINFO


---------------  S Y S T E M  ---------------

OS:Bsduname:Darwin 23.4.0 Darwin Kernel Version 23.4.0: Fri Mar 15 00:12:41 PDT 2024; root:xnu-10063.101.17~1/RELEASE_ARM64_T8103 x86_64
rlimit: STACK 8176k, CORE 0k, NPROC 2666, NOFILE 10240, AS infinity
load average:2.77 2.26 2.60

CPU:total 8 (1 cores per cpu, 1 threads per core) family 6 model 44 stepping 0, cmov, cx8, fxsr, mmx, sse, sse2, sse3, ssse3, sse4.1, sse4.2, popcnt, aes, clmul, tsc, tscinvbit, tscinv

Memory: 4k page, physical 16777216k(14024k free)

/proc/meminfo:


vm_info: Java HotSpot(TM) 64-Bit Server VM (25.74-b02) for bsd-amd64 JRE (1.8.0_74-b02), built on Jan 29 2016 15:32:34 by "java_re" with gcc 4.2.1 (Based on Apple Inc. build 5658) (LLVM build 2336.11.00)

time: Sun Aug 18 13:22:08 2024
elapsed time: 13 seconds (0d 0h 0m 13s)

