[19:42:08] [main/INFO]: ModLauncher running: args [--username, KeksNino, --version, 1.16.5, --gameDir, ..\..\instances\Deserted, --assetsDir, ..\..\datastore\assets, --assetIndex, 1.16, --uuid, dd26af85651a430eb5bc59c77eb57845, --accessToken, ????????, --userType, mojang, --versionType, release, --launchTarget, fmlclient, --fml.forgeVersion, 36.2.41, --fml.mcVersion, 1.16.5, --fml.forgeGroup, net.minecraftforge, --fml.mcpVersion, 20210115.111550, --width=854, --height=480]
[19:42:08] [main/INFO]: ModLauncher 8.1.3+8.1.3+main-8.1.x.c94d18ec starting: java version 1.8.0_312 by Temurin
[19:42:09] [main/INFO]: Added Lets Encrypt root certificates as additional trust
[19:42:09] [main/INFO]: SpongePowered MIXIN Subsystem Version=0.8.4 Source=file:/C:/Users/fooba/AppData/Roaming/gdlauncher_next/datastore/libraries/org/spongepowered/mixin/0.8.4/mixin-0.8.4.jar Service=ModLauncher Env=CLIENT
[19:42:09] [main/INFO]: [org.lwjgl.system.Library:checkHash:469]: [LWJGL] [ERROR] Incompatible Java and native library versions detected.
Possible reasons:
	a) -Djava.library.path is set to a folder containing shared libraries of an older LWJGL version.
	b) The classpath contains jar files of an older LWJGL version.
Possible solutions:
	a) Make sure to not set -Djava.library.path (it is not needed for developing with LWJGL 3) or make
	   sure the folder it points to contains the shared libraries of the correct LWJGL version.
	b) Check the classpath and make sure to only have jar files of the same LWJGL version in it.
[19:42:09] [main/INFO]: [java.lang.ThreadGroup:uncaughtException:1052]: java.lang.UnsatisfiedLinkError: org.lwjgl.system.Callback.getNativeCallbacks([Ljava/lang/reflect/Method;J)J
[19:42:09] [main/INFO]: [java.lang.ThreadGroup:uncaughtException:1052]: 	at org.lwjgl.system.Callback.getNativeCallbacks(Native Method)
[19:42:09] [main/INFO]: [java.lang.ThreadGroup:uncaughtException:1052]: 	at org.lwjgl.system.Callback.<clinit>(Callback.java:57)
[19:42:09] [main/INFO]: [java.lang.ThreadGroup:uncaughtException:1052]: 	at net.minecraftforge.fml.loading.progress.ClientVisualization.initWindow(ClientVisualization.java:55)
[19:42:09] [main/INFO]: [java.lang.ThreadGroup:uncaughtException:1052]: 	at net.minecraftforge.fml.loading.progress.ClientVisualization.start(ClientVisualization.java:335)
[19:42:09] [main/INFO]: [java.lang.ThreadGroup:uncaughtException:1052]: 	at net.minecraftforge.fml.loading.progress.EarlyProgressVisualization.accept(EarlyProgressVisualization.java:29)
[19:42:09] [main/INFO]: [java.lang.ThreadGroup:uncaughtException:1052]: 	at net.minecraftforge.fml.loading.FMLLoader.setupLaunchHandler(FMLLoader.java:176)
[19:42:09] [main/INFO]: [java.lang.ThreadGroup:uncaughtException:1052]: 	at net.minecraftforge.fml.loading.FMLServiceProvider.initialize(FMLServiceProvider.java:80)
[19:42:09] [main/INFO]: [java.lang.ThreadGroup:uncaughtException:1052]: 	at cpw.mods.modlauncher.TransformationServiceDecorator.onInitialize(TransformationServiceDecorator.java:68)
[19:42:09] [main/INFO]: [java.lang.ThreadGroup:uncaughtException:1052]: 	at cpw.mods.modlauncher.TransformationServicesHandler.lambda$initialiseTransformationServices$7(TransformationServicesHandler.java:107)
[19:42:09] [main/INFO]: [java.lang.ThreadGroup:uncaughtException:1052]: 	at java.util.HashMap$Values.forEach(HashMap.java:982)
[19:42:09] [main/INFO]: [java.lang.ThreadGroup:uncaughtException:1052]: 	at cpw.mods.modlauncher.TransformationServicesHandler.initialiseTransformationServices(TransformationServicesHandler.java:107)
[19:42:09] [main/INFO]: [java.lang.ThreadGroup:uncaughtException:1052]: 	at cpw.mods.modlauncher.TransformationServicesHandler.initializeTransformationServices(TransformationServicesHandler.java:59)
[19:42:09] [main/INFO]: [java.lang.ThreadGroup:uncaughtException:1052]: 	at cpw.mods.modlauncher.Launcher.run(Launcher.java:76)
[19:42:09] [main/INFO]: [java.lang.ThreadGroup:uncaughtException:1052]: 	at cpw.mods.modlauncher.Launcher.main(Launcher.java:66)
