[18:58:06] [Render thread/INFO] [JMLogger] JourneyMap log initialized.
[18:58:06] [Render thread/INFO] [JourneymapClient] initialize ENTER
[18:58:06] [Render thread/INFO] [ClientAPI] [ClientAPI] built with JourneyMap API 1.9-SNAPSHOT
[18:58:06] [Render thread/INFO] [PluginHelper] Initializing plugins with Client API: journeymap.client.api.impl.ClientAPI
[18:58:06] [Render thread/WARN] [PropertiesBase] core (Initialized) Bad configField entry during updateFrom(): optionsManagerViewed=null
[18:58:06] [Render thread/WARN] [PropertiesBase] core (Initialized) Bad configField entry during updateFrom(): splashViewed=null
[18:58:06] [Render thread/INFO] [?] Version: JourneyMap 1.18.2-5.9.7, built with forge 1.18.2-40.1.86
forge: 40.2.17
Environment: os.name, os.arch, java.version, user.country, user.language=null, game language=en_us, locale=en_us
Features: 
	RadarPlayers : singleplayer = true , multiplayer = true
	RadarAnimals : singleplayer = true , multiplayer = true
	RadarMobs : singleplayer = true , multiplayer = true
	RadarVillagers : singleplayer = true , multiplayer = true
	MapTopo : singleplayer = true , multiplayer = true
	MapSurface : singleplayer = true , multiplayer = true
	MapCaves : singleplayer = true , multiplayer = true
	MapBiome : singleplayer = true , multiplayer = true
MiniMapProperties{state=Valid, file=journeymap.minimap.config, configVersion=5.9.7, zoomLevel=0, compassFontScale=1.0, terrainAlpha=100, showEntityNames=true, positionX=0.9, positionY=0.25, effectVertical=false, showPlayerHeading=true, sizePercent=30, playerDisplayScale=1.0, showDayNight=true, showPets=true, preferredMapType=night, showCompass=true, mobDisplay=jm.common.entity_display.dots, systemTimeRealFormat=HH:mm:ss, shape=jm.minimap.shape_circle, showSelf=true, selfDisplayScale=1.0, showGrid=true, reticleOrientation=jm.minimap.orientation.compass, gameTimeRealFormat=HH:mm:ss, effectTranslateX=-110, showWaypoints=true, minimapKeyMovementSpeed=0.001, showAnimals=true, infoSlotAlpha=0.7, effectTranslateY=0, showWaypointLabels=true, moveEffectIcons=true, position=jm.minimap.position_topright, fontScale=1.0, showPlayers=true, waypointIconScale=1.0, frameAlpha=100, effectReversed=false, backgroundAlpha=0.8, enabled=true, showVillagers=true, info2Label=jm.theme.labelsource.gametime, info3Label=jm.theme.labelsource.location, showMobs=true, waypointLabelScale=1.0, showReticle=true, orientation=jm.minimap.orientation.north, info4Label=jm.theme.labelsource.biome, locationFormat=xzyv, playerDisplay=jm.common.entity_display.dots, mobDisplayScale=1.0, showCaves=true, showMobHeading=true, locationFormatVerbose=true, info1Label=jm.theme.labelsource.blank}
MiniMapProperties{state=Valid, file=journeymap.minimap2.config, configVersion=5.9.7, zoomLevel=0, compassFontScale=1.0, terrainAlpha=100, showEntityNames=true, positionX=0.9, positionY=0.25, effectVertical=false, showPlayerHeading=true, sizePercent=30, playerDisplayScale=1.0, showDayNight=true, showPets=true, preferredMapType=day, showCompass=true, mobDisplay=jm.common.entity_display.dots, systemTimeRealFormat=HH:mm:ss, shape=jm.minimap.shape_rectangle, showSelf=true, selfDisplayScale=1.0, showGrid=true, reticleOrientation=jm.minimap.orientation.compass, gameTimeRealFormat=HH:mm:ss, effectTranslateX=0, showWaypoints=true, minimapKeyMovementSpeed=0.001, showAnimals=true, infoSlotAlpha=0.7, effectTranslateY=0, showWaypointLabels=true, moveEffectIcons=true, position=jm.minimap.position_topright, fontScale=1.0, showPlayers=true, waypointIconScale=1.0, frameAlpha=100, effectReversed=false, backgroundAlpha=0.8, enabled=true, showVillagers=true, info2Label=jm.theme.labelsource.gametime, info3Label=jm.theme.labelsource.location, showMobs=true, waypointLabelScale=1.0, showReticle=true, orientation=jm.minimap.orientation.north, info4Label=jm.theme.labelsource.biome, locationFormat=xzyv, playerDisplay=jm.common.entity_display.dots, mobDisplayScale=1.0, showCaves=true, showMobHeading=true, locationFormatVerbose=true, info1Label=jm.theme.labelsource.blank}
FullMapProperties{state=Valid, file=journeymap.fullmap.config, configVersion=5.9.7, zoomLevel=0, showPlayers=true, waypointIconScale=1.0, showEntityNames=true, showPlayerHeading=true, showVillagers=true, showPlayerLoc=true, showKeys=true, playerDisplayScale=1.0, showMobs=true, showPets=true, waypointLabelScale=1.0, preferredMapType=day, mobDisplay=jm.common.entity_display.dots, showSelf=true, locationFormat=xzyv, playerDisplay=jm.common.entity_display.dots, mobDisplayScale=1.0, selfDisplayScale=1.0, showGrid=true, showMouseLoc=true, showWaypoints=true, showCaves=true, showAnimals=true, dragScale=1, showMobHeading=true, showWaypointLabels=true, locationFormatVerbose=true, fontScale=1.0}
WaypointProperties{state=Valid, file=journeymap.waypoint.config, configVersion=5.9.7, autoRemoveDeathpointDistance=2, dateFormat=MM-dd-yyyy, autoRemoveDeathpoints=false, fullscreenDoubleClickToCreate=true, managerDimensionFocus=false, minDistance=4, boldLabel=false, textureSmall=true, showDeathpointlabel=true, beaconEnabled=true, createDeathpoints=true, showName=true, disableStrikeThrough=false, maxDistance=0, autoHideLabel=true, autoRemoveTempWaypoints=2, teleportCommand=/tp {name} {x} {y} {z}, showStaticBeam=true, shaderBeacon=false, timeFormat=HH:mm:ss, showDeviationLabel=false, showDistance=true, showRotatingBeam=true, fontScale=2.0, showTexture=true, managerEnabled=true}
WebMapProperties{state=Valid, file=journeymap.webmap.config, configVersion=5.9.7, port=8080, enabled=false}
CoreProperties{state=Valid, file=journeymap.core.config, configVersion=5.9.7, verboseColorPalette=false, maxPlayersData=32, mapSurfaceAboveCaves=true, dataCachingEnabled=true, optionsManagerViewed=null, announceMod=true, colorPassive=#bbbbbb, mapBlendWater=false, renderDistanceSurfaceMax=0, seedId=false, radarVerticalDistance=16, mapBlendGrass=true, recordCacheStats=false, hideSneakingEntities=true, revealShape=jm.minimap.shape_circle, mapBiome=true, alwaysMapSurface=false, colorVillager=#88e188, mapPlants=false, colorPet=#0077ff, radarLateralDistance=64, mapBathymetry=false, mapCrops=true, maxMobsData=32, mapPlantShadows=false, alwaysMapCaves=false, checkUpdates=true, mapBlendFoliage=true, hideSpectators=false, mappingEnabled=true, colorPlayer=#ffffff, tileHighDisplayQuality=true, cacheVillagersData=2200, logLevel=INFO, maxVillagersData=32, mapWaterBiomeColors=false, maxAnimalsData=32, mapTransparency=true, caveBlackAsClear=false, tileRenderType=1, caveIgnoreGlass=true, mapTopography=true, renderDistanceCaveMax=0, mapAntialiasing=true, colorSelf=#0000ff, cachePlayersData=2000, cacheMobsData=3000, cachePlayerData=1000, splashViewed=null, colorHostile=#ff0000, cacheAnimalsData=3100, themeName=OceanMonument, mapCaveLighting=true, renderDelay=2, glErrorChecking=false, autoMapPoll=2000}
[18:58:06] [Render thread/INFO] [JourneymapClient] initialize EXIT, elapsed count 1 avg 252.69ms
[18:58:07] [Render thread/INFO] [JourneymapClient] Journeymap PostInit
[18:58:07] [Render thread/INFO] [ThemeLoader] Preloaded theme textures: 73
[18:58:07] [Render thread/INFO] [JourneymapClient] postInitialize EXIT, elapsed count 1 avg 269.06ms
[18:58:26] [Server thread/INFO] [ForgeConfig] Loading JourneyMap Forge Configs
[18:58:29] [Server thread/INFO] [PropertiesBase] global (FirstLoaded) Setting config file to version "5.9.7": journeymap.server.global.config
[18:58:29] [Server thread/INFO] [PropertiesBase] global (Valid) Creating config file: /Users/Dennis/Documents/curseforge/minecraft/Instances/Deserted/journeymap/server/5.9/journeymap.server.global.config
[18:58:29] [Server thread/INFO] [PropertiesBase] default (FirstLoaded) Setting config file to version "5.9.7": journeymap.server.default.config
[18:58:30] [Server thread/INFO] [PropertiesBase] default (Valid) Creating config file: /Users/Dennis/Documents/curseforge/minecraft/Instances/Deserted/journeymap/server/5.9/journeymap.server.default.config
[18:58:30] [Server thread/INFO] [PropertiesBase] minecraft~overworld (Initialized) Setting config file to version "5.9.7": journeymap.server.minecraft~overworld.config
[18:58:30] [Server thread/INFO] [PropertiesBase] minecraft~overworld (Valid) Creating config file: /Users/Dennis/Documents/curseforge/minecraft/Instances/Deserted/journeymap/server/5.9/journeymap.server.minecraft~overworld.config
[18:58:30] [Server thread/INFO] [PropertiesBase] beyond_earth~mars_orbit (Initialized) Setting config file to version "5.9.7": journeymap.server.beyond_earth~mars_orbit.config
[18:58:30] [Server thread/INFO] [PropertiesBase] beyond_earth~mars_orbit (Valid) Creating config file: /Users/Dennis/Documents/curseforge/minecraft/Instances/Deserted/journeymap/server/5.9/journeymap.server.beyond_earth~mars_orbit.config
[18:58:30] [Server thread/INFO] [PropertiesBase] beyond_earth~phobos_orbit (Initialized) Setting config file to version "5.9.7": journeymap.server.beyond_earth~phobos_orbit.config
[18:58:30] [Server thread/INFO] [PropertiesBase] beyond_earth~phobos_orbit (Valid) Creating config file: /Users/Dennis/Documents/curseforge/minecraft/Instances/Deserted/journeymap/server/5.9/journeymap.server.beyond_earth~phobos_orbit.config
[18:58:30] [Server thread/INFO] [PropertiesBase] beyond_earth~glacio_orbit (Initialized) Setting config file to version "5.9.7": journeymap.server.beyond_earth~glacio_orbit.config
[18:58:30] [Server thread/INFO] [PropertiesBase] beyond_earth~glacio_orbit (Valid) Creating config file: /Users/Dennis/Documents/curseforge/minecraft/Instances/Deserted/journeymap/server/5.9/journeymap.server.beyond_earth~glacio_orbit.config
[18:58:30] [Server thread/INFO] [PropertiesBase] beyond_earth~mercury_orbit (Initialized) Setting config file to version "5.9.7": journeymap.server.beyond_earth~mercury_orbit.config
[18:58:30] [Server thread/INFO] [PropertiesBase] beyond_earth~mercury_orbit (Valid) Creating config file: /Users/Dennis/Documents/curseforge/minecraft/Instances/Deserted/journeymap/server/5.9/journeymap.server.beyond_earth~mercury_orbit.config
[18:58:30] [Server thread/INFO] [PropertiesBase] beyond_earth~venus (Initialized) Setting config file to version "5.9.7": journeymap.server.beyond_earth~venus.config
[18:58:30] [Server thread/INFO] [PropertiesBase] beyond_earth~venus (Valid) Creating config file: /Users/Dennis/Documents/curseforge/minecraft/Instances/Deserted/journeymap/server/5.9/journeymap.server.beyond_earth~venus.config
[18:58:30] [Server thread/INFO] [PropertiesBase] beyond_earth~deimos (Initialized) Setting config file to version "5.9.7": journeymap.server.beyond_earth~deimos.config
[18:58:30] [Server thread/INFO] [PropertiesBase] beyond_earth~deimos (Valid) Creating config file: /Users/Dennis/Documents/curseforge/minecraft/Instances/Deserted/journeymap/server/5.9/journeymap.server.beyond_earth~deimos.config
[18:58:30] [Server thread/INFO] [PropertiesBase] beyond_earth~phobos (Initialized) Setting config file to version "5.9.7": journeymap.server.beyond_earth~phobos.config
[18:58:30] [Server thread/INFO] [PropertiesBase] beyond_earth~phobos (Valid) Creating config file: /Users/Dennis/Documents/curseforge/minecraft/Instances/Deserted/journeymap/server/5.9/journeymap.server.beyond_earth~phobos.config
[18:58:30] [Server thread/INFO] [PropertiesBase] minecraft~the_end (Initialized) Setting config file to version "5.9.7": journeymap.server.minecraft~the_end.config
[18:58:30] [Server thread/INFO] [PropertiesBase] minecraft~the_end (Valid) Creating config file: /Users/Dennis/Documents/curseforge/minecraft/Instances/Deserted/journeymap/server/5.9/journeymap.server.minecraft~the_end.config
[18:58:30] [Server thread/INFO] [PropertiesBase] witherstormmod~bowels (Initialized) Setting config file to version "5.9.7": journeymap.server.witherstormmod~bowels.config
[18:58:30] [Server thread/INFO] [PropertiesBase] witherstormmod~bowels (Valid) Creating config file: /Users/Dennis/Documents/curseforge/minecraft/Instances/Deserted/journeymap/server/5.9/journeymap.server.witherstormmod~bowels.config
[18:58:30] [Server thread/INFO] [PropertiesBase] beyond_earth~moon (Initialized) Setting config file to version "5.9.7": journeymap.server.beyond_earth~moon.config
[18:58:30] [Server thread/INFO] [PropertiesBase] beyond_earth~moon (Valid) Creating config file: /Users/Dennis/Documents/curseforge/minecraft/Instances/Deserted/journeymap/server/5.9/journeymap.server.beyond_earth~moon.config
[18:58:30] [Server thread/INFO] [PropertiesBase] lostcities~lostcity (Initialized) Setting config file to version "5.9.7": journeymap.server.lostcities~lostcity.config
[18:58:30] [Server thread/INFO] [PropertiesBase] lostcities~lostcity (Valid) Creating config file: /Users/Dennis/Documents/curseforge/minecraft/Instances/Deserted/journeymap/server/5.9/journeymap.server.lostcities~lostcity.config
[18:58:30] [Server thread/INFO] [PropertiesBase] beyond_earth~venus_orbit (Initialized) Setting config file to version "5.9.7": journeymap.server.beyond_earth~venus_orbit.config
[18:58:30] [Server thread/INFO] [PropertiesBase] beyond_earth~venus_orbit (Valid) Creating config file: /Users/Dennis/Documents/curseforge/minecraft/Instances/Deserted/journeymap/server/5.9/journeymap.server.beyond_earth~venus_orbit.config
[18:58:30] [Server thread/INFO] [PropertiesBase] beyond_earth~mercury (Initialized) Setting config file to version "5.9.7": journeymap.server.beyond_earth~mercury.config
[18:58:30] [Server thread/INFO] [PropertiesBase] beyond_earth~mercury (Valid) Creating config file: /Users/Dennis/Documents/curseforge/minecraft/Instances/Deserted/journeymap/server/5.9/journeymap.server.beyond_earth~mercury.config
[18:58:30] [Server thread/INFO] [PropertiesBase] minecraft~the_nether (Initialized) Setting config file to version "5.9.7": journeymap.server.minecraft~the_nether.config
[18:58:30] [Server thread/INFO] [PropertiesBase] minecraft~the_nether (Valid) Creating config file: /Users/Dennis/Documents/curseforge/minecraft/Instances/Deserted/journeymap/server/5.9/journeymap.server.minecraft~the_nether.config
[18:58:30] [Server thread/INFO] [PropertiesBase] beyond_earth~mars (Initialized) Setting config file to version "5.9.7": journeymap.server.beyond_earth~mars.config
[18:58:30] [Server thread/INFO] [PropertiesBase] beyond_earth~mars (Valid) Creating config file: /Users/Dennis/Documents/curseforge/minecraft/Instances/Deserted/journeymap/server/5.9/journeymap.server.beyond_earth~mars.config
[18:58:30] [Server thread/INFO] [PropertiesBase] beyond_earth~moon_orbit (Initialized) Setting config file to version "5.9.7": journeymap.server.beyond_earth~moon_orbit.config
[18:58:30] [Server thread/INFO] [PropertiesBase] beyond_earth~moon_orbit (Valid) Creating config file: /Users/Dennis/Documents/curseforge/minecraft/Instances/Deserted/journeymap/server/5.9/journeymap.server.beyond_earth~moon_orbit.config
[18:58:30] [Server thread/INFO] [PropertiesBase] beyond_earth~deimos_orbit (Initialized) Setting config file to version "5.9.7": journeymap.server.beyond_earth~deimos_orbit.config
[18:58:30] [Server thread/INFO] [PropertiesBase] beyond_earth~deimos_orbit (Valid) Creating config file: /Users/Dennis/Documents/curseforge/minecraft/Instances/Deserted/journeymap/server/5.9/journeymap.server.beyond_earth~deimos_orbit.config
[18:58:30] [Server thread/INFO] [PropertiesBase] beyond_earth~earth_orbit (Initialized) Setting config file to version "5.9.7": journeymap.server.beyond_earth~earth_orbit.config
[18:58:30] [Server thread/INFO] [PropertiesBase] beyond_earth~earth_orbit (Valid) Creating config file: /Users/Dennis/Documents/curseforge/minecraft/Instances/Deserted/journeymap/server/5.9/journeymap.server.beyond_earth~earth_orbit.config
[18:58:30] [Server thread/INFO] [PropertiesBase] beyond_earth~glacio (Initialized) Setting config file to version "5.9.7": journeymap.server.beyond_earth~glacio.config
[18:58:30] [Server thread/INFO] [PropertiesBase] beyond_earth~glacio (Valid) Creating config file: /Users/Dennis/Documents/curseforge/minecraft/Instances/Deserted/journeymap/server/5.9/journeymap.server.beyond_earth~glacio.config
[18:58:38] [Render thread/INFO] [ModBlockDelegate] Custom modded block handling enabled for create
[18:58:38] [Render thread/INFO] [ModBlockDelegate] Custom modded block handling enabled for biomesoplenty
[18:58:39] [Render thread/INFO] [ChatLog] 
[18:58:39] [Render thread/WARN] [PropertiesBase] core (Initialized) Bad configField entry during updateFrom(): optionsManagerViewed=null
[18:58:39] [Render thread/WARN] [PropertiesBase] core (Initialized) Bad configField entry during updateFrom(): splashViewed=null
[18:58:39] [Render thread/INFO] [WaypointStore] Loaded 0 waypoints from /Users/Dennis/Documents/curseforge/minecraft/Instances/Deserted/journeymap/data/sp/New World/waypoints
[18:58:39] [Render thread/INFO] [JourneymapClient] Mapping started in /Users/Dennis/Documents/curseforge/minecraft/Instances/Deserted/journeymap/data/sp/New World/overworld. Memory: 2112MB total, 913MB free 
[18:58:58] [Render thread/INFO] [JourneymapClient] Mapping halted in /Users/Dennis/Documents/curseforge/minecraft/Instances/Deserted/journeymap/data/mp/offline/minecraft:overworld
[18:58:58] [JM-task-4/WARN] [TaskBatch] TaskBatch thread interrupted: journeymap.client.task.multi.MapPlayerTask$MapPlayerTaskBatch@83d3ae2
[18:59:44] [Server thread/INFO] [ForgeConfig] Loading JourneyMap Forge Configs
[19:00:23] [Render thread/WARN] [PropertiesBase] core (Initialized) Bad configField entry during updateFrom(): optionsManagerViewed=null
[19:00:23] [Render thread/WARN] [PropertiesBase] core (Initialized) Bad configField entry during updateFrom(): splashViewed=null
[19:00:23] [Render thread/INFO] [WaypointStore] Loaded 0 waypoints from /Users/Dennis/Documents/curseforge/minecraft/Instances/Deserted/journeymap/data/sp/New World (1)/waypoints
[19:00:23] [Render thread/INFO] [JourneymapClient] Mapping started in /Users/Dennis/Documents/curseforge/minecraft/Instances/Deserted/journeymap/data/sp/New World (1)/overworld. Memory: 2960MB total, 563MB free 
[19:01:54] [Render thread/INFO] [JourneymapClient] Mapping halted in /Users/Dennis/Documents/curseforge/minecraft/Instances/Deserted/journeymap/data/mp/offline/minecraft:overworld
[19:01:56] [JM-task-5/WARN] [TaskBatch] TaskBatch thread interrupted: journeymap.client.task.multi.MapPlayerTask$MapPlayerTaskBatch@3a0aaf53
